583  [main] INFO  c.e.J.JavaSpringTask18Application – Starting JavaSpringTask18Application using Java 19.0.1 with PID 29908 (C:\Users\Forex\IdeaProjects\Java_mires_spring\Java_spring_task18\target\classes started by Влад in C:\Users\Forex\IdeaProjects\Java_mires_spring\Java_spring_task18)
585  [main] INFO  c.e.J.JavaSpringTask18Application – No active profile set, falling back to 1 default profile: "default"
1112 [main] INFO  o.s.d.r.c.RepositoryConfigurationDelegate – Bootstrapping Spring Data JPA repositories in DEFAULT mode.
1155 [main] INFO  o.s.d.r.c.RepositoryConfigurationDelegate – Finished Spring Data repository scanning in 38 ms. Found 2 JPA repository interfaces.
1530 [main] INFO  o.s.b.w.e.tomcat.TomcatWebServer – Tomcat initialized with port(s): 8080 (http)
1537 [main] INFO  o.a.coyote.http11.Http11NioProtocol – Initializing ProtocolHandler ["http-nio-8080"]
1537 [main] INFO  o.a.catalina.core.StandardService – Starting service [Tomcat]
1538 [main] INFO  o.a.catalina.core.StandardEngine – Starting Servlet engine: [Apache Tomcat/10.1.5]
1605 [main] INFO  o.a.c.c.C.[Tomcat].[localhost].[/] – Initializing Spring embedded WebApplicationContext
1606 [main] INFO  o.s.b.w.s.c.ServletWebServerApplicationContext – Root WebApplicationContext: initialization completed in 989 ms
1696 [main] INFO  com.zaxxer.hikari.HikariDataSource – HikariPool-1 - Starting...
1876 [main] INFO  com.zaxxer.hikari.pool.HikariPool – HikariPool-1 - Added connection org.postgresql.jdbc.PgConnection@149b4d20
1878 [main] INFO  com.zaxxer.hikari.HikariDataSource – HikariPool-1 - Start completed.
1916 [main] INFO  o.h.jpa.internal.util.LogHelper – HHH000204: Processing PersistenceUnitInfo [name: default]
1958 [main] INFO  org.hibernate.Version – HHH000412: Hibernate ORM core version 6.1.7.Final
2243 [main] INFO  SQL dialect – HHH000400: Using dialect: org.hibernate.dialect.PostgreSQLDialect
2818 [main] INFO  o.h.e.t.j.p.i.JtaPlatformInitiator – HHH000490: Using JtaPlatform implementation: [org.hibernate.engine.transaction.jta.platform.internal.NoJtaPlatform]
2826 [main] INFO  o.s.o.j.LocalContainerEntityManagerFactoryBean – Initialized JPA EntityManagerFactory for persistence unit 'default'
3045 [main] WARN  o.s.b.a.o.j.JpaBaseConfiguration$JpaWebConfiguration – spring.jpa.open-in-view is enabled by default. Therefore, database queries may be performed during view rendering. Explicitly configure spring.jpa.open-in-view to disable this warning
3259 [main] INFO  o.a.coyote.http11.Http11NioProtocol – Starting ProtocolHandler ["http-nio-8080"]
3273 [main] INFO  o.s.b.w.e.tomcat.TomcatWebServer – Tomcat started on port(s): 8080 (http) with context path ''
3280 [main] INFO  c.e.J.JavaSpringTask18Application – Started JavaSpringTask18Application in 2.99 seconds (process running for 4.061)
41020 [http-nio-8080-exec-1] INFO  o.a.c.c.C.[Tomcat].[localhost].[/] – Initializing Spring DispatcherServlet 'dispatcherServlet'
41020 [http-nio-8080-exec-1] INFO  o.s.web.servlet.DispatcherServlet – Initializing Servlet 'dispatcherServlet'
41021 [http-nio-8080-exec-1] INFO  o.s.web.servlet.DispatcherServlet – Completed initialization in 1 ms
41046 [http-nio-8080-exec-1] INFO  c.e.J.services.ManufactureService – Find all manufactures
154248 [SpringApplicationShutdownHook] INFO  o.s.o.j.LocalContainerEntityManagerFactoryBean – Closing JPA EntityManagerFactory for persistence unit 'default'
154250 [SpringApplicationShutdownHook] INFO  com.zaxxer.hikari.HikariDataSource – HikariPool-1 - Shutdown initiated...
154252 [SpringApplicationShutdownHook] INFO  com.zaxxer.hikari.HikariDataSource – HikariPool-1 - Shutdown completed.
568  [main] INFO  c.e.J.JavaSpringTask18Application – Starting JavaSpringTask18Application using Java 19.0.1 with PID 10232 (C:\Users\Forex\IdeaProjects\Java_mires_spring\Java_spring_task18\target\classes started by Влад in C:\Users\Forex\IdeaProjects\Java_mires_spring\Java_spring_task18)
570  [main] INFO  c.e.J.JavaSpringTask18Application – No active profile set, falling back to 1 default profile: "default"
1000 [main] INFO  o.s.d.r.c.RepositoryConfigurationDelegate – Bootstrapping Spring Data JPA repositories in DEFAULT mode.
1042 [main] INFO  o.s.d.r.c.RepositoryConfigurationDelegate – Finished Spring Data repository scanning in 37 ms. Found 2 JPA repository interfaces.
1455 [main] INFO  o.s.b.w.e.tomcat.TomcatWebServer – Tomcat initialized with port(s): 8080 (http)
1463 [main] INFO  o.a.coyote.http11.Http11NioProtocol – Initializing ProtocolHandler ["http-nio-8080"]
1463 [main] INFO  o.a.catalina.core.StandardService – Starting service [Tomcat]
1463 [main] INFO  o.a.catalina.core.StandardEngine – Starting Servlet engine: [Apache Tomcat/10.1.5]
1547 [main] INFO  o.a.c.c.C.[Tomcat].[localhost].[/] – Initializing Spring embedded WebApplicationContext
1547 [main] INFO  o.s.b.w.s.c.ServletWebServerApplicationContext – Root WebApplicationContext: initialization completed in 942 ms
1661 [main] INFO  com.zaxxer.hikari.HikariDataSource – HikariPool-1 - Starting...
1838 [main] INFO  com.zaxxer.hikari.pool.HikariPool – HikariPool-1 - Added connection org.postgresql.jdbc.PgConnection@f2b90fc
1841 [main] INFO  com.zaxxer.hikari.HikariDataSource – HikariPool-1 - Start completed.
1876 [main] INFO  o.h.jpa.internal.util.LogHelper – HHH000204: Processing PersistenceUnitInfo [name: default]
1913 [main] INFO  org.hibernate.Version – HHH000412: Hibernate ORM core version 6.1.7.Final
2174 [main] INFO  SQL dialect – HHH000400: Using dialect: org.hibernate.dialect.PostgreSQLDialect
2802 [main] INFO  o.h.e.t.j.p.i.JtaPlatformInitiator – HHH000490: Using JtaPlatform implementation: [org.hibernate.engine.transaction.jta.platform.internal.NoJtaPlatform]
2808 [main] INFO  o.s.o.j.LocalContainerEntityManagerFactoryBean – Initialized JPA EntityManagerFactory for persistence unit 'default'
3042 [main] WARN  o.s.b.a.o.j.JpaBaseConfiguration$JpaWebConfiguration – spring.jpa.open-in-view is enabled by default. Therefore, database queries may be performed during view rendering. Explicitly configure spring.jpa.open-in-view to disable this warning
3246 [main] INFO  o.a.coyote.http11.Http11NioProtocol – Starting ProtocolHandler ["http-nio-8080"]
3267 [main] INFO  o.s.b.w.e.tomcat.TomcatWebServer – Tomcat started on port(s): 8080 (http) with context path ''
3273 [main] INFO  c.e.J.JavaSpringTask18Application – Started JavaSpringTask18Application in 2.972 seconds (process running for 3.679)
33503 [http-nio-8080-exec-2] INFO  o.a.c.c.C.[Tomcat].[localhost].[/] – Initializing Spring DispatcherServlet 'dispatcherServlet'
33504 [http-nio-8080-exec-2] INFO  o.s.web.servlet.DispatcherServlet – Initializing Servlet 'dispatcherServlet'
33504 [http-nio-8080-exec-2] INFO  o.s.web.servlet.DispatcherServlet – Completed initialization in 0 ms
33526 [http-nio-8080-exec-2] INFO  c.e.J.services.ManufactureService – Find all manufactures
158337 [SpringApplicationShutdownHook] INFO  o.s.o.j.LocalContainerEntityManagerFactoryBean – Closing JPA EntityManagerFactory for persistence unit 'default'
158339 [SpringApplicationShutdownHook] INFO  com.zaxxer.hikari.HikariDataSource – HikariPool-1 - Shutdown initiated...
158342 [SpringApplicationShutdownHook] INFO  com.zaxxer.hikari.HikariDataSource – HikariPool-1 - Shutdown completed.
450  [main] INFO  c.e.J.JavaSpringTask18Application – Starting JavaSpringTask18Application using Java 19.0.1 with PID 14724 (C:\Users\Forex\IdeaProjects\Java_mires_spring\Java_spring_task18\target\classes started by Влад in C:\Users\Forex\IdeaProjects\Java_mires_spring\Java_spring_task18)
452  [main] INFO  c.e.J.JavaSpringTask18Application – No active profile set, falling back to 1 default profile: "default"
864  [main] INFO  o.s.d.r.c.RepositoryConfigurationDelegate – Bootstrapping Spring Data JPA repositories in DEFAULT mode.
902  [main] INFO  o.s.d.r.c.RepositoryConfigurationDelegate – Finished Spring Data repository scanning in 33 ms. Found 2 JPA repository interfaces.
1227 [main] INFO  o.s.b.w.e.tomcat.TomcatWebServer – Tomcat initialized with port(s): 8080 (http)
1237 [main] INFO  o.a.coyote.http11.Http11NioProtocol – Initializing ProtocolHandler ["http-nio-8080"]
1238 [main] INFO  o.a.catalina.core.StandardService – Starting service [Tomcat]
1238 [main] INFO  o.a.catalina.core.StandardEngine – Starting Servlet engine: [Apache Tomcat/10.1.5]
1299 [main] INFO  o.a.c.c.C.[Tomcat].[localhost].[/] – Initializing Spring embedded WebApplicationContext
1300 [main] INFO  o.s.b.w.s.c.ServletWebServerApplicationContext – Root WebApplicationContext: initialization completed in 814 ms
1397 [main] INFO  com.zaxxer.hikari.HikariDataSource – HikariPool-1 - Starting...
1525 [main] INFO  com.zaxxer.hikari.pool.HikariPool – HikariPool-1 - Added connection org.postgresql.jdbc.PgConnection@2ed9f6f8
1526 [main] INFO  com.zaxxer.hikari.HikariDataSource – HikariPool-1 - Start completed.
1553 [main] INFO  o.h.jpa.internal.util.LogHelper – HHH000204: Processing PersistenceUnitInfo [name: default]
1580 [main] INFO  org.hibernate.Version – HHH000412: Hibernate ORM core version 6.1.7.Final
1801 [main] INFO  SQL dialect – HHH000400: Using dialect: org.hibernate.dialect.PostgreSQLDialect
2350 [main] INFO  o.h.e.t.j.p.i.JtaPlatformInitiator – HHH000490: Using JtaPlatform implementation: [org.hibernate.engine.transaction.jta.platform.internal.NoJtaPlatform]
2356 [main] INFO  o.s.o.j.LocalContainerEntityManagerFactoryBean – Initialized JPA EntityManagerFactory for persistence unit 'default'
2571 [main] WARN  o.s.b.a.o.j.JpaBaseConfiguration$JpaWebConfiguration – spring.jpa.open-in-view is enabled by default. Therefore, database queries may be performed during view rendering. Explicitly configure spring.jpa.open-in-view to disable this warning
2760 [main] INFO  o.a.coyote.http11.Http11NioProtocol – Starting ProtocolHandler ["http-nio-8080"]
2772 [main] INFO  o.s.b.w.e.tomcat.TomcatWebServer – Tomcat started on port(s): 8080 (http) with context path ''
2778 [main] INFO  c.e.J.JavaSpringTask18Application – Started JavaSpringTask18Application in 2.559 seconds (process running for 3.175)
12952 [http-nio-8080-exec-2] INFO  o.a.c.c.C.[Tomcat].[localhost].[/] – Initializing Spring DispatcherServlet 'dispatcherServlet'
12953 [http-nio-8080-exec-2] INFO  o.s.web.servlet.DispatcherServlet – Initializing Servlet 'dispatcherServlet'
12953 [http-nio-8080-exec-2] INFO  o.s.web.servlet.DispatcherServlet – Completed initialization in 0 ms
12974 [http-nio-8080-exec-2] INFO  c.e.J.services.ManufactureService – Find all manufactures
25079 [http-nio-8080-exec-7] INFO  c.e.J.services.ManufactureService – Delete user with 3 id
39272 [SpringApplicationShutdownHook] INFO  o.s.o.j.LocalContainerEntityManagerFactoryBean – Closing JPA EntityManagerFactory for persistence unit 'default'
39274 [SpringApplicationShutdownHook] INFO  com.zaxxer.hikari.HikariDataSource – HikariPool-1 - Shutdown initiated...
39277 [SpringApplicationShutdownHook] INFO  com.zaxxer.hikari.HikariDataSource – HikariPool-1 - Shutdown completed.
522  [main] INFO  c.e.J.JavaSpringTask18Application – Starting JavaSpringTask18Application using Java 19.0.1 with PID 24088 (C:\Users\Forex\IdeaProjects\Java_mires_spring\Java_spring_task18\target\classes started by Влад in C:\Users\Forex\IdeaProjects\Java_mires_spring\Java_spring_task18)
524  [main] INFO  c.e.J.JavaSpringTask18Application – No active profile set, falling back to 1 default profile: "default"
968  [main] INFO  o.s.d.r.c.RepositoryConfigurationDelegate – Bootstrapping Spring Data JPA repositories in DEFAULT mode.
1004 [main] INFO  o.s.d.r.c.RepositoryConfigurationDelegate – Finished Spring Data repository scanning in 32 ms. Found 2 JPA repository interfaces.
1336 [main] INFO  o.s.b.w.e.tomcat.TomcatWebServer – Tomcat initialized with port(s): 8080 (http)
1342 [main] INFO  o.a.coyote.http11.Http11NioProtocol – Initializing ProtocolHandler ["http-nio-8080"]
1343 [main] INFO  o.a.catalina.core.StandardService – Starting service [Tomcat]
1343 [main] INFO  o.a.catalina.core.StandardEngine – Starting Servlet engine: [Apache Tomcat/10.1.5]
1398 [main] INFO  o.a.c.c.C.[Tomcat].[localhost].[/] – Initializing Spring embedded WebApplicationContext
1399 [main] INFO  o.s.b.w.s.c.ServletWebServerApplicationContext – Root WebApplicationContext: initialization completed in 842 ms
1486 [main] INFO  com.zaxxer.hikari.HikariDataSource – HikariPool-1 - Starting...
1616 [main] INFO  com.zaxxer.hikari.pool.HikariPool – HikariPool-1 - Added connection org.postgresql.jdbc.PgConnection@2ed9f6f8
1617 [main] INFO  com.zaxxer.hikari.HikariDataSource – HikariPool-1 - Start completed.
1650 [main] INFO  o.h.jpa.internal.util.LogHelper – HHH000204: Processing PersistenceUnitInfo [name: default]
1687 [main] INFO  org.hibernate.Version – HHH000412: Hibernate ORM core version 6.1.7.Final
1899 [main] INFO  SQL dialect – HHH000400: Using dialect: org.hibernate.dialect.PostgreSQLDialect
2396 [main] INFO  o.h.e.t.j.p.i.JtaPlatformInitiator – HHH000490: Using JtaPlatform implementation: [org.hibernate.engine.transaction.jta.platform.internal.NoJtaPlatform]
2401 [main] INFO  o.s.o.j.LocalContainerEntityManagerFactoryBean – Initialized JPA EntityManagerFactory for persistence unit 'default'
2619 [main] WARN  o.s.b.a.o.j.JpaBaseConfiguration$JpaWebConfiguration – spring.jpa.open-in-view is enabled by default. Therefore, database queries may be performed during view rendering. Explicitly configure spring.jpa.open-in-view to disable this warning
2805 [main] INFO  o.a.coyote.http11.Http11NioProtocol – Starting ProtocolHandler ["http-nio-8080"]
2821 [main] INFO  o.s.b.w.e.tomcat.TomcatWebServer – Tomcat started on port(s): 8080 (http) with context path ''
2829 [main] INFO  c.e.J.JavaSpringTask18Application – Started JavaSpringTask18Application in 2.583 seconds (process running for 3.222)
10299 [http-nio-8080-exec-2] INFO  o.a.c.c.C.[Tomcat].[localhost].[/] – Initializing Spring DispatcherServlet 'dispatcherServlet'
10300 [http-nio-8080-exec-2] INFO  o.s.web.servlet.DispatcherServlet – Initializing Servlet 'dispatcherServlet'
10300 [http-nio-8080-exec-2] INFO  o.s.web.servlet.DispatcherServlet – Completed initialization in 0 ms
10398 [http-nio-8080-exec-2] INFO  c.e.J.services.ManufactureService – Save user Manufacture(id=0, name=Name2, address=address2, workerList=null)
12517 [http-nio-8080-exec-7] INFO  c.e.J.services.ManufactureService – Find all manufactures
17957 [SpringApplicationShutdownHook] INFO  o.s.o.j.LocalContainerEntityManagerFactoryBean – Closing JPA EntityManagerFactory for persistence unit 'default'
17958 [SpringApplicationShutdownHook] INFO  com.zaxxer.hikari.HikariDataSource – HikariPool-1 - Shutdown initiated...
17961 [SpringApplicationShutdownHook] INFO  com.zaxxer.hikari.HikariDataSource – HikariPool-1 - Shutdown completed.
464  [main] INFO  c.e.J.JavaSpringTask18Application – Starting JavaSpringTask18Application using Java 19.0.1 with PID 16596 (C:\Users\Forex\IdeaProjects\Java_mires_spring\Java_spring_task18\target\classes started by Влад in C:\Users\Forex\IdeaProjects\Java_mires_spring\Java_spring_task18)
466  [main] INFO  c.e.J.JavaSpringTask18Application – No active profile set, falling back to 1 default profile: "default"
854  [main] INFO  o.s.d.r.c.RepositoryConfigurationDelegate – Bootstrapping Spring Data JPA repositories in DEFAULT mode.
900  [main] INFO  o.s.d.r.c.RepositoryConfigurationDelegate – Finished Spring Data repository scanning in 42 ms. Found 2 JPA repository interfaces.
1222 [main] INFO  o.s.b.w.e.tomcat.TomcatWebServer – Tomcat initialized with port(s): 8080 (http)
1229 [main] INFO  o.a.coyote.http11.Http11NioProtocol – Initializing ProtocolHandler ["http-nio-8080"]
1230 [main] INFO  o.a.catalina.core.StandardService – Starting service [Tomcat]
1230 [main] INFO  o.a.catalina.core.StandardEngine – Starting Servlet engine: [Apache Tomcat/10.1.5]
1298 [main] INFO  o.a.c.c.C.[Tomcat].[localhost].[/] – Initializing Spring embedded WebApplicationContext
1299 [main] INFO  o.s.b.w.s.c.ServletWebServerApplicationContext – Root WebApplicationContext: initialization completed in 800 ms
1385 [main] INFO  com.zaxxer.hikari.HikariDataSource – HikariPool-1 - Starting...
1519 [main] INFO  com.zaxxer.hikari.pool.HikariPool – HikariPool-1 - Added connection org.postgresql.jdbc.PgConnection@2ed9f6f8
1520 [main] INFO  com.zaxxer.hikari.HikariDataSource – HikariPool-1 - Start completed.
1548 [main] INFO  o.h.jpa.internal.util.LogHelper – HHH000204: Processing PersistenceUnitInfo [name: default]
1577 [main] INFO  org.hibernate.Version – HHH000412: Hibernate ORM core version 6.1.7.Final
1790 [main] INFO  SQL dialect – HHH000400: Using dialect: org.hibernate.dialect.PostgreSQLDialect
2324 [main] INFO  o.h.e.t.j.p.i.JtaPlatformInitiator – HHH000490: Using JtaPlatform implementation: [org.hibernate.engine.transaction.jta.platform.internal.NoJtaPlatform]
2330 [main] INFO  o.s.o.j.LocalContainerEntityManagerFactoryBean – Initialized JPA EntityManagerFactory for persistence unit 'default'
2558 [main] WARN  o.s.b.a.o.j.JpaBaseConfiguration$JpaWebConfiguration – spring.jpa.open-in-view is enabled by default. Therefore, database queries may be performed during view rendering. Explicitly configure spring.jpa.open-in-view to disable this warning
2748 [main] INFO  o.a.coyote.http11.Http11NioProtocol – Starting ProtocolHandler ["http-nio-8080"]
2760 [main] INFO  o.s.b.w.e.tomcat.TomcatWebServer – Tomcat started on port(s): 8080 (http) with context path ''
2767 [main] INFO  c.e.J.JavaSpringTask18Application – Started JavaSpringTask18Application in 2.535 seconds (process running for 3.16)
15690 [http-nio-8080-exec-1] INFO  o.a.c.c.C.[Tomcat].[localhost].[/] – Initializing Spring DispatcherServlet 'dispatcherServlet'
15690 [http-nio-8080-exec-1] INFO  o.s.web.servlet.DispatcherServlet – Initializing Servlet 'dispatcherServlet'
15691 [http-nio-8080-exec-1] INFO  o.s.web.servlet.DispatcherServlet – Completed initialization in 1 ms
35034 [http-nio-8080-exec-8] INFO  c.e.J.services.ManufactureService – Find all manufactures
38464 [SpringApplicationShutdownHook] INFO  o.s.o.j.LocalContainerEntityManagerFactoryBean – Closing JPA EntityManagerFactory for persistence unit 'default'
38466 [SpringApplicationShutdownHook] INFO  com.zaxxer.hikari.HikariDataSource – HikariPool-1 - Shutdown initiated...
38469 [SpringApplicationShutdownHook] INFO  com.zaxxer.hikari.HikariDataSource – HikariPool-1 - Shutdown completed.
