Using pre-set license
Built from '2022.3/release' branch; Version is '2022.3.20f1 (61c2feb0970d) revision 6406910'; Using compiler version '192829333'; Build Type 'Release'
OS: 'Windows 11  (10.0.22621) 64bit Professional' Language: 'ru' Physical Memory: 7103 MB
BatchMode: 1, IsHumanControllingUs: 0, StartBugReporterOnCrash: 0, Is64bit: 1, IsPro: 1

COMMAND LINE ARGUMENTS:
D:\Unity\Editor\2022.3.20f1\Editor\Unity.exe
-adb2
-batchMode
-noUpm
-name
AssetImportWorker1
-projectPath
D:/unik/3course2semestr/Unity/BaseUnityProject
-logFile
Logs/AssetImportWorker1.log
-srvPort
53085
Successfully changed project path to: D:/unik/3course2semestr/Unity/BaseUnityProject
D:/unik/3course2semestr/Unity/BaseUnityProject
[UnityMemory] Configuration Parameters - Can be set up in boot.config
    "memorysetup-bucket-allocator-granularity=16"
    "memorysetup-bucket-allocator-bucket-count=8"
    "memorysetup-bucket-allocator-block-size=33554432"
    "memorysetup-bucket-allocator-block-count=8"
    "memorysetup-main-allocator-block-size=16777216"
    "memorysetup-thread-allocator-block-size=16777216"
    "memorysetup-gfx-main-allocator-block-size=16777216"
    "memorysetup-gfx-thread-allocator-block-size=16777216"
    "memorysetup-cache-allocator-block-size=4194304"
    "memorysetup-typetree-allocator-block-size=2097152"
    "memorysetup-profiler-bucket-allocator-granularity=16"
    "memorysetup-profiler-bucket-allocator-bucket-count=8"
    "memorysetup-profiler-bucket-allocator-block-size=33554432"
    "memorysetup-profiler-bucket-allocator-block-count=8"
    "memorysetup-profiler-allocator-block-size=16777216"
    "memorysetup-profiler-editor-allocator-block-size=1048576"
    "memorysetup-temp-allocator-size-main=16777216"
    "memorysetup-job-temp-allocator-block-size=2097152"
    "memorysetup-job-temp-allocator-block-size-background=1048576"
    "memorysetup-job-temp-allocator-reduction-small-platforms=262144"
    "memorysetup-allocator-temp-initial-block-size-main=262144"
    "memorysetup-allocator-temp-initial-block-size-worker=262144"
    "memorysetup-temp-allocator-size-background-worker=32768"
    "memorysetup-temp-allocator-size-job-worker=262144"
    "memorysetup-temp-allocator-size-preload-manager=33554432"
    "memorysetup-temp-allocator-size-nav-mesh-worker=65536"
    "memorysetup-temp-allocator-size-audio-worker=65536"
    "memorysetup-temp-allocator-size-cloud-worker=32768"
    "memorysetup-temp-allocator-size-gi-baking-worker=262144"
    "memorysetup-temp-allocator-size-gfx=262144"
Player connection [7380] Host "[IP] 172.27.240.1 [Port] 0 [Flags] 2 [Guid] 3803589677 [EditorId] 3803589677 [Version] 1048832 [Id] WindowsEditor(7,WIN-TPFSHSIDL7O) [Debug] 1 [PackageName] WindowsEditor [ProjectName] Editor" joined multi-casting on [225.0.0.222:54997]...

Player connection [7380] Host "[IP] 172.27.240.1 [Port] 0 [Flags] 2 [Guid] 3803589677 [EditorId] 3803589677 [Version] 1048832 [Id] WindowsEditor(7,WIN-TPFSHSIDL7O) [Debug] 1 [PackageName] WindowsEditor [ProjectName] Editor" joined alternative multi-casting on [225.0.0.222:34997]...

[Physics::Module] Initialized MultithreadedJobDispatcher with 7 workers.
Refreshing native plugins compatible for Editor in 7.97 ms, found 3 plugins.
Preloading 0 native plugins for Editor in 0.00 ms.
Initialize engine version: 2022.3.20f1 (61c2feb0970d)
[Subsystems] Discovering subsystems at path D:/Unity/Editor/2022.3.20f1/Editor/Data/Resources/UnitySubsystems
[Subsystems] Discovering subsystems at path D:/unik/3course2semestr/Unity/BaseUnityProject/Assets
GfxDevice: creating device client; threaded=0; jobified=0
Direct3D:
    Version:  Direct3D 11.0 [level 11.1]
    Renderer: AMD Radeon(TM) Vega 8 Graphics (ID=0x15d8)
    Vendor:   ATI
    VRAM:     3551 MB
    Driver:   31.0.12027.9001
Initialize mono
Mono path[0] = 'D:/Unity/Editor/2022.3.20f1/Editor/Data/Managed'
Mono path[1] = 'D:/Unity/Editor/2022.3.20f1/Editor/Data/MonoBleedingEdge/lib/mono/unityjit-win32'
Mono config path = 'D:/Unity/Editor/2022.3.20f1/Editor/Data/MonoBleedingEdge/etc'
Using monoOptions --debugger-agent=transport=dt_socket,embedding=1,server=y,suspend=n,address=127.0.0.1:56236
Begin MonoManager ReloadAssembly
Registering precompiled unity dll's ...
Register platform support module: D:/Unity/Editor/2022.3.20f1/Editor/Data/PlaybackEngines/WebGLSupport/UnityEditor.WebGL.Extensions.dll
Register platform support module: D:/Unity/Editor/2022.3.20f1/Editor/Data/PlaybackEngines/WindowsStandaloneSupport/UnityEditor.WindowsStandalone.Extensions.dll
Registered in 0.006755 seconds.
- Loaded All Assemblies, in  0.669 seconds
Native extension for WindowsStandalone target not found
Native extension for WebGL target not found
Mono: successfully reloaded assembly
- Finished resetting the current domain, in  0.800 seconds
Domain Reload Profiling: 1470ms
	BeginReloadAssembly (196ms)
		ExecutionOrderSort (0ms)
		DisableScriptedObjects (0ms)
		BackupInstance (0ms)
		ReleaseScriptingObjects (0ms)
		CreateAndSetChildDomain (2ms)
	RebuildCommonClasses (71ms)
	RebuildNativeTypeToScriptingClass (25ms)
	initialDomainReloadingComplete (107ms)
	LoadAllAssembliesAndSetupDomain (269ms)
		LoadAssemblies (194ms)
		RebuildTransferFunctionScriptingTraits (0ms)
		AnalyzeDomain (266ms)
			TypeCache.Refresh (263ms)
				TypeCache.ScanAssembly (237ms)
			ScanForSourceGeneratedMonoScriptInfo (1ms)
			ResolveRequiredComponents (1ms)
	FinalizeReload (801ms)
		ReleaseScriptCaches (0ms)
		RebuildScriptCaches (0ms)
		SetupLoadedEditorAssemblies (626ms)
			LogAssemblyErrors (0ms)
			InitializePlatformSupportModulesInManaged (36ms)
			SetLoadedEditorAssemblies (25ms)
			RefreshPlugins (0ms)
			BeforeProcessingInitializeOnLoad (9ms)
			ProcessInitializeOnLoadAttributes (432ms)
			ProcessInitializeOnLoadMethodAttributes (123ms)
			AfterProcessingInitializeOnLoad (0ms)
			EditorAssembliesLoaded (0ms)
		ExecutionOrderSort2 (0ms)
		AwakeInstancesAfterBackupRestoration (0ms)
========================================================================
Worker process is ready to serve import requests
Begin MonoManager ReloadAssembly
- Loaded All Assemblies, in  1.373 seconds
Refreshing native plugins compatible for Editor in 4.31 ms, found 3 plugins.
Native extension for WindowsStandalone target not found
Native extension for WebGL target not found
Package Manager log level set to [2]
[Package Manager] Server::EnsureServerProcessIsRunning -- launch failed, reason: Unity was launched with the -noUpm command-line argument
[Package Manager] UpmClient::Send -- Unable to send message (not connected to UPM process).
[Package Manager] Cannot connect to Unity Package Manager local server
Mono: successfully reloaded assembly
- Finished resetting the current domain, in  1.272 seconds
Domain Reload Profiling: 2645ms
	BeginReloadAssembly (260ms)
		ExecutionOrderSort (0ms)
		DisableScriptedObjects (11ms)
		BackupInstance (0ms)
		ReleaseScriptingObjects (0ms)
		CreateAndSetChildDomain (37ms)
	RebuildCommonClasses (109ms)
	RebuildNativeTypeToScriptingClass (240ms)
	initialDomainReloadingComplete (80ms)
	LoadAllAssembliesAndSetupDomain (683ms)
		LoadAssemblies (475ms)
		RebuildTransferFunctionScriptingTraits (0ms)
		AnalyzeDomain (358ms)
			TypeCache.Refresh (309ms)
				TypeCache.ScanAssembly (282ms)
			ScanForSourceGeneratedMonoScriptInfo (35ms)
			ResolveRequiredComponents (11ms)
	FinalizeReload (1273ms)
		ReleaseScriptCaches (0ms)
		RebuildScriptCaches (0ms)
		SetupLoadedEditorAssemblies (868ms)
			LogAssemblyErrors (0ms)
			InitializePlatformSupportModulesInManaged (10ms)
			SetLoadedEditorAssemblies (8ms)
			RefreshPlugins (0ms)
			BeforeProcessingInitializeOnLoad (105ms)
			ProcessInitializeOnLoadAttributes (669ms)
			ProcessInitializeOnLoadMethodAttributes (72ms)
			AfterProcessingInitializeOnLoad (4ms)
			EditorAssembliesLoaded (0ms)
		ExecutionOrderSort2 (0ms)
		AwakeInstancesAfterBackupRestoration (15ms)
Launched and connected shader compiler UnityShaderCompiler.exe after 0.07 seconds
Refreshing native plugins compatible for Editor in 2.12 ms, found 3 plugins.
Preloading 0 native plugins for Editor in 0.00 ms.
Unloading 3192 Unused Serialized files (Serialized files now loaded: 0)
Unloading 32 unused Assets / (59.6 KB). Loaded Objects now: 3654.
Memory consumption went from 128.5 MB to 128.4 MB.
Total: 7.366900 ms (FindLiveObjects: 0.468300 ms CreateObjectMapping: 0.275600 ms MarkObjects: 6.334000 ms  DeleteObjects: 0.286100 ms)

AssetImportParameters requested are different than current active one (requested -> active):
  custom:container-demuxer-ogg: 62fdf1f143b41e24485cea50d1cbac27 -> 
  custom:video-decoder-ogg-theora: a1e56fd34408186e4bbccfd4996cb3dc -> 
  custom:framework-win-MediaFoundation: 216162199b28c13a410421893ffa2e32 -> 
  custom:CustomObjectIndexerAttribute: 6d391050e5a25f67b0a2c618074f2cd9 -> 
  custom:container-demuxer-webm: 4f35f7cbe854078d1ac9338744f61a02 -> 
  custom:container-muxer-webm: aa71ff27fc2769a1b78a27578f13a17b -> 
  custom:video-decoder-webm-vp8: 9c59270c3fd7afecdb556c50c9e8de78 -> 
  custom:SearchIndexIgnoredProperties: e643bd26f0fe6173181afceb89e7c659 -> 
  custom:AudioImporter_EditorPlatform: d09bf68614088b80899f8185d706f6e7 -> 
  custom:video-encoder-webm-vp8: eb34c28f22e8b96e1ab97ce403110664 -> 
  custom:audio-decoder-ogg-vorbis: bf7c407c2cedff20999df2af8eb42d56 -> 
  custom:audio-encoder-webm-vorbis: bf7c407c2cedff20999df2af8eb42d56 -> 
========================================================================
Received Prepare
Begin MonoManager ReloadAssembly
- Loaded All Assemblies, in  1.346 seconds
Refreshing native plugins compatible for Editor in 2.73 ms, found 3 plugins.
Native extension for WindowsStandalone target not found
Native extension for WebGL target not found
[Package Manager] Server::EnsureServerProcessIsRunning -- launch failed, reason: Unity was launched with the -noUpm command-line argument
[Package Manager] UpmClient::Send -- Unable to send message (not connected to UPM process).
[Package Manager] Cannot connect to Unity Package Manager local server
Mono: successfully reloaded assembly
- Finished resetting the current domain, in  1.086 seconds
Domain Reload Profiling: 2431ms
	BeginReloadAssembly (883ms)
		ExecutionOrderSort (0ms)
		DisableScriptedObjects (16ms)
		BackupInstance (0ms)
		ReleaseScriptingObjects (0ms)
		CreateAndSetChildDomain (125ms)
	RebuildCommonClasses (117ms)
	RebuildNativeTypeToScriptingClass (21ms)
	initialDomainReloadingComplete (42ms)
	LoadAllAssembliesAndSetupDomain (282ms)
		LoadAssemblies (882ms)
		RebuildTransferFunctionScriptingTraits (0ms)
		AnalyzeDomain (36ms)
			TypeCache.Refresh (16ms)
				TypeCache.ScanAssembly (6ms)
			ScanForSourceGeneratedMonoScriptInfo (12ms)
			ResolveRequiredComponents (6ms)
	FinalizeReload (1086ms)
		ReleaseScriptCaches (0ms)
		RebuildScriptCaches (0ms)
		SetupLoadedEditorAssemblies (617ms)
			LogAssemblyErrors (0ms)
			InitializePlatformSupportModulesInManaged (9ms)
			SetLoadedEditorAssemblies (8ms)
			RefreshPlugins (0ms)
			BeforeProcessingInitializeOnLoad (78ms)
			ProcessInitializeOnLoadAttributes (488ms)
			ProcessInitializeOnLoadMethodAttributes (31ms)
			AfterProcessingInitializeOnLoad (2ms)
			EditorAssembliesLoaded (0ms)
		ExecutionOrderSort2 (0ms)
		AwakeInstancesAfterBackupRestoration (8ms)
Refreshing native plugins compatible for Editor in 1.89 ms, found 3 plugins.
Preloading 0 native plugins for Editor in 0.00 ms.
Unloading 3366 Unused Serialized files (Serialized files now loaded: 0)
Unloading 72 unused Assets / (3.8 MB). Loaded Objects now: 3814.
Memory consumption went from 143.0 MB to 139.3 MB.
Total: 7.647000 ms (FindLiveObjects: 0.531600 ms CreateObjectMapping: 0.269900 ms MarkObjects: 5.137300 ms  DeleteObjects: 1.706000 ms)

Prepare: number of updated asset objects reloaded= 0
AssetImportParameters requested are different than current active one (requested -> active):
  custom:container-demuxer-ogg: 62fdf1f143b41e24485cea50d1cbac27 -> 
  custom:video-decoder-ogg-theora: a1e56fd34408186e4bbccfd4996cb3dc -> 
  custom:framework-win-MediaFoundation: 216162199b28c13a410421893ffa2e32 -> 
  custom:CustomObjectIndexerAttribute: 6d391050e5a25f67b0a2c618074f2cd9 -> 
  custom:container-demuxer-webm: 4f35f7cbe854078d1ac9338744f61a02 -> 
  custom:container-muxer-webm: aa71ff27fc2769a1b78a27578f13a17b -> 
  custom:video-decoder-webm-vp8: 9c59270c3fd7afecdb556c50c9e8de78 -> 
  custom:SearchIndexIgnoredProperties: e643bd26f0fe6173181afceb89e7c659 -> 
  custom:AudioImporter_EditorPlatform: d09bf68614088b80899f8185d706f6e7 -> 
  custom:video-encoder-webm-vp8: eb34c28f22e8b96e1ab97ce403110664 -> 
  custom:audio-decoder-ogg-vorbis: bf7c407c2cedff20999df2af8eb42d56 -> 
  custom:audio-encoder-webm-vorbis: bf7c407c2cedff20999df2af8eb42d56 -> 
========================================================================
Received Import Request.
  Time since last request: 44369.365109 seconds.
  path: Assets/Materials/InnerWallBasic.mat
  artifactKey: Guid(9721fb968a28cf34485640b398d523a2) Importer(815301076,1909f56bfc062723c751e8b465ee728b)
Start importing Assets/Materials/InnerWallBasic.mat using Guid(9721fb968a28cf34485640b398d523a2) Importer(815301076,1909f56bfc062723c751e8b465ee728b)  -> (artifact id: '9286b0b6e44f10355dde764f7c048f45') in 0.185205 seconds
Number of updated asset objects reloaded before import = 0
Number of asset objects unloaded after import = 1
========================================================================
Received Import Request.
  Time since last request: 239.483035 seconds.
  path: Assets/TextMesh Pro/Sprites/EmojiOne.png
  artifactKey: Guid(dffef66376be4fa480fb02b19edbe903) Importer(815301076,1909f56bfc062723c751e8b465ee728b)
Start importing Assets/TextMesh Pro/Sprites/EmojiOne.png using Guid(dffef66376be4fa480fb02b19edbe903) Importer(815301076,1909f56bfc062723c751e8b465ee728b)  -> (artifact id: 'a0ccf0309696918c442c50e1cb278eda') in 0.025016 seconds
Number of updated asset objects reloaded before import = 0
Number of asset objects unloaded after import = 2
========================================================================
Received Import Request.
  Time since last request: 0.000028 seconds.
  path: Assets/NavMeshAgentAssets/Gizmos/NavMeshLink Icon.png
  artifactKey: Guid(efef3dd90c033574dac7d12246b2bf55) Importer(815301076,1909f56bfc062723c751e8b465ee728b)
Start importing Assets/NavMeshAgentAssets/Gizmos/NavMeshLink Icon.png using Guid(efef3dd90c033574dac7d12246b2bf55) Importer(815301076,1909f56bfc062723c751e8b465ee728b)  -> (artifact id: '5ea1b476e8162b1c7d7b1ee9ec4189cc') in 0.011567 seconds
Number of updated asset objects reloaded before import = 0
Number of asset objects unloaded after import = 2
========================================================================
Received Import Request.
  Time since last request: 0.000037 seconds.
  path: Assets/NavMeshAgentAssets/Gizmos/NavMeshModifierVolume Icon.png
  artifactKey: Guid(9fd1112e7372998489c7eb1fc1136c55) Importer(815301076,1909f56bfc062723c751e8b465ee728b)
Start importing Assets/NavMeshAgentAssets/Gizmos/NavMeshModifierVolume Icon.png using Guid(9fd1112e7372998489c7eb1fc1136c55) Importer(815301076,1909f56bfc062723c751e8b465ee728b)  -> (artifact id: '8b8c6aca5515dee65a6ec52150bc68c5') in 0.021394 seconds
Number of updated asset objects reloaded before import = 0
Number of asset objects unloaded after import = 2
========================================================================
Received Import Request.
  Time since last request: 0.000115 seconds.
  path: Assets/NavMeshAgentAssets/Examples/Materials/modify_crosshair.png
  artifactKey: Guid(28d2c2677149d45e290e8fa042b1b80f) Importer(815301076,1909f56bfc062723c751e8b465ee728b)
Start importing Assets/NavMeshAgentAssets/Examples/Materials/modify_crosshair.png using Guid(28d2c2677149d45e290e8fa042b1b80f) Importer(815301076,1909f56bfc062723c751e8b465ee728b)  -> (artifact id: '9f3b038f034cfb69ff91b6a9859b1c68') in 0.036280 seconds
Number of updated asset objects reloaded before import = 0
Number of asset objects unloaded after import = 3
========================================================================
Received Import Request.
  Time since last request: 0.000039 seconds.
  path: Assets/Scenes/Game/ReflectionProbe-0.exr
  artifactKey: Guid(8a1600ea990c52e4f8e02b986f954c0c) Importer(815301076,1909f56bfc062723c751e8b465ee728b)
Start importing Assets/Scenes/Game/ReflectionProbe-0.exr using Guid(8a1600ea990c52e4f8e02b986f954c0c) Importer(815301076,1909f56bfc062723c751e8b465ee728b)  -> (artifact id: '06bb8ac0594d4173235c6fd41f485984') in 0.032907 seconds
Number of updated asset objects reloaded before import = 0
Number of asset objects unloaded after import = 1
========================================================================
Received Prepare
Begin MonoManager ReloadAssembly
- Loaded All Assemblies, in  0.623 seconds
Refreshing native plugins compatible for Editor in 2.03 ms, found 3 plugins.
Native extension for WindowsStandalone target not found
Native extension for WebGL target not found
[Package Manager] Server::EnsureServerProcessIsRunning -- launch failed, reason: Unity was launched with the -noUpm command-line argument
[Package Manager] UpmClient::Send -- Unable to send message (not connected to UPM process).
[Package Manager] Cannot connect to Unity Package Manager local server
Mono: successfully reloaded assembly
- Finished resetting the current domain, in  1.305 seconds
Domain Reload Profiling: 1928ms
	BeginReloadAssembly (233ms)
		ExecutionOrderSort (0ms)
		DisableScriptedObjects (7ms)
		BackupInstance (0ms)
		ReleaseScriptingObjects (0ms)
		CreateAndSetChildDomain (56ms)
	RebuildCommonClasses (65ms)
	RebuildNativeTypeToScriptingClass (21ms)
	initialDomainReloadingComplete (42ms)
	LoadAllAssembliesAndSetupDomain (262ms)
		LoadAssemblies (383ms)
		RebuildTransferFunctionScriptingTraits (0ms)
		AnalyzeDomain (14ms)
			TypeCache.Refresh (6ms)
				TypeCache.ScanAssembly (0ms)
			ScanForSourceGeneratedMonoScriptInfo (0ms)
			ResolveRequiredComponents (6ms)
	FinalizeReload (1306ms)
		ReleaseScriptCaches (0ms)
		RebuildScriptCaches (0ms)
		SetupLoadedEditorAssemblies (719ms)
			LogAssemblyErrors (0ms)
			InitializePlatformSupportModulesInManaged (7ms)
			SetLoadedEditorAssemblies (6ms)
			RefreshPlugins (0ms)
			BeforeProcessingInitializeOnLoad (90ms)
			ProcessInitializeOnLoadAttributes (561ms)
			ProcessInitializeOnLoadMethodAttributes (51ms)
			AfterProcessingInitializeOnLoad (3ms)
			EditorAssembliesLoaded (0ms)
		ExecutionOrderSort2 (0ms)
		AwakeInstancesAfterBackupRestoration (16ms)
Refreshing native plugins compatible for Editor in 3.38 ms, found 3 plugins.
Preloading 0 native plugins for Editor in 0.00 ms.
Unloading 3366 Unused Serialized files (Serialized files now loaded: 0)
Unloading 72 unused Assets / (3.8 MB). Loaded Objects now: 3862.
Memory consumption went from 149.7 MB to 146.0 MB.
Total: 11.463900 ms (FindLiveObjects: 0.815300 ms CreateObjectMapping: 0.498200 ms MarkObjects: 6.768000 ms  DeleteObjects: 3.377700 ms)

Prepare: number of updated asset objects reloaded= 0
AssetImportParameters requested are different than current active one (requested -> active):
  custom:container-demuxer-ogg: 62fdf1f143b41e24485cea50d1cbac27 -> 
  custom:video-decoder-ogg-theora: a1e56fd34408186e4bbccfd4996cb3dc -> 
  custom:framework-win-MediaFoundation: 216162199b28c13a410421893ffa2e32 -> 
  custom:CustomObjectIndexerAttribute: 6d391050e5a25f67b0a2c618074f2cd9 -> 
  custom:container-demuxer-webm: 4f35f7cbe854078d1ac9338744f61a02 -> 
  custom:container-muxer-webm: aa71ff27fc2769a1b78a27578f13a17b -> 
  custom:video-decoder-webm-vp8: 9c59270c3fd7afecdb556c50c9e8de78 -> 
  custom:SearchIndexIgnoredProperties: e643bd26f0fe6173181afceb89e7c659 -> 
  custom:AudioImporter_EditorPlatform: d09bf68614088b80899f8185d706f6e7 -> 
  custom:video-encoder-webm-vp8: eb34c28f22e8b96e1ab97ce403110664 -> 
  custom:audio-decoder-ogg-vorbis: bf7c407c2cedff20999df2af8eb42d56 -> 
  custom:audio-encoder-webm-vorbis: bf7c407c2cedff20999df2af8eb42d56 -> 
========================================================================
Received Import Request.
  Time since last request: 87.289819 seconds.
  path: Assets/NavMeshAgentAssets/Examples/Materials/brown.mat
  artifactKey: Guid(1e1c6a0a64beb49ec96272beefa468a5) Importer(815301076,1909f56bfc062723c751e8b465ee728b)
Start importing Assets/NavMeshAgentAssets/Examples/Materials/brown.mat using Guid(1e1c6a0a64beb49ec96272beefa468a5) Importer(815301076,1909f56bfc062723c751e8b465ee728b)  -> (artifact id: '7d536ac4e8ee449529d10c639cbf924c') in 0.122236 seconds
Number of updated asset objects reloaded before import = 0
Number of asset objects unloaded after import = 1
========================================================================
Received Import Request.
  Time since last request: 0.000033 seconds.
  path: Assets/NavMeshAgentAssets/Examples/Materials/crosshair.mat
  artifactKey: Guid(6f20074b5ffb143d2a869e4cc78d9d5e) Importer(815301076,1909f56bfc062723c751e8b465ee728b)
Start importing Assets/NavMeshAgentAssets/Examples/Materials/crosshair.mat using Guid(6f20074b5ffb143d2a869e4cc78d9d5e) Importer(815301076,1909f56bfc062723c751e8b465ee728b)  -> (artifact id: '18c24119f5dceaee66aa8e1e8c7a785a') in 0.024988 seconds
Number of updated asset objects reloaded before import = 0
Number of asset objects unloaded after import = 2
========================================================================
Received Import Request.
  Time since last request: 0.000025 seconds.
  path: Assets/NavMeshAgentAssets/Examples/Materials/grey.mat
  artifactKey: Guid(ade8fca681f724cd89b5a568642f15ae) Importer(815301076,1909f56bfc062723c751e8b465ee728b)
Start importing Assets/NavMeshAgentAssets/Examples/Materials/grey.mat using Guid(ade8fca681f724cd89b5a568642f15ae) Importer(815301076,1909f56bfc062723c751e8b465ee728b)  -> (artifact id: '5eea3588e2232ff5c82aa9337ca8befa') in 0.011875 seconds
Number of updated asset objects reloaded before import = 0
Number of asset objects unloaded after import = 1
========================================================================
Received Import Request.
  Time since last request: 0.000034 seconds.
  path: Assets/NavMeshAgentAssets/Examples/Materials/yellow.mat
  artifactKey: Guid(c07befab8ca1540368e662cfe2fddf6b) Importer(815301076,1909f56bfc062723c751e8b465ee728b)
Start importing Assets/NavMeshAgentAssets/Examples/Materials/yellow.mat using Guid(c07befab8ca1540368e662cfe2fddf6b) Importer(815301076,1909f56bfc062723c751e8b465ee728b)  -> (artifact id: '2718a4fd6c678a3d1ab7299c1b2e5e8a') in 0.022818 seconds
Number of updated asset objects reloaded before import = 0
Number of asset objects unloaded after import = 1
========================================================================
Received Import Request.
  Time since last request: 26.748683 seconds.
  path: Assets/NavMeshAgentAssets/Examples/Prefabs/BanyanTree.fbx
  artifactKey: Guid(0015d5d487e6b4c51b6be43a47511ed9) Importer(815301076,1909f56bfc062723c751e8b465ee728b)
Start importing Assets/NavMeshAgentAssets/Examples/Prefabs/BanyanTree.fbx using Guid(0015d5d487e6b4c51b6be43a47511ed9) Importer(815301076,1909f56bfc062723c751e8b465ee728b)  -> (artifact id: '713e0dbd7de0438949e33a91f69167f0') in 0.084351 seconds
Number of updated asset objects reloaded before import = 0
Number of asset objects unloaded after import = 11
========================================================================
Received Import Request.
  Time since last request: 0.000039 seconds.
  path: Assets/LowPolyBarriersPackFree/BarriersAssets/Prefabs/ConcreteBarriers/ConcreteBarrier_05_v1.prefab
  artifactKey: Guid(40b46e1d91f880f45981175d9b4d1af0) Importer(815301076,1909f56bfc062723c751e8b465ee728b)
Start importing Assets/LowPolyBarriersPackFree/BarriersAssets/Prefabs/ConcreteBarriers/ConcreteBarrier_05_v1.prefab using Guid(40b46e1d91f880f45981175d9b4d1af0) Importer(815301076,1909f56bfc062723c751e8b465ee728b)  -> (artifact id: 'b0212094732afeec97180424fd5d9d10') in 0.013295 seconds
Number of updated asset objects reloaded before import = 0
Number of asset objects unloaded after import = 10
========================================================================
Received Import Request.
  Time since last request: 0.000033 seconds.
  path: Assets/LowPolyBarriersPackFree/BarriersAssets/Prefabs/ConcreteBarriers/ConcreteBarrier_39_v2.prefab
  artifactKey: Guid(70c48be8697ff6140812ee8d2eccd1ef) Importer(815301076,1909f56bfc062723c751e8b465ee728b)
Start importing Assets/LowPolyBarriersPackFree/BarriersAssets/Prefabs/ConcreteBarriers/ConcreteBarrier_39_v2.prefab using Guid(70c48be8697ff6140812ee8d2eccd1ef) Importer(815301076,1909f56bfc062723c751e8b465ee728b)  -> (artifact id: 'c912a61e6d3b44a60c543a4e1abcbf9a') in 0.011911 seconds
Number of updated asset objects reloaded before import = 0
Number of asset objects unloaded after import = 10
========================================================================
Received Import Request.
  Time since last request: 0.000039 seconds.
  path: Assets/NavMeshAgentAssets/Examples/Cube.prefab
  artifactKey: Guid(86232f43ed7fd4fc5a9098ccda13d2ef) Importer(815301076,1909f56bfc062723c751e8b465ee728b)
Start importing Assets/NavMeshAgentAssets/Examples/Cube.prefab using Guid(86232f43ed7fd4fc5a9098ccda13d2ef) Importer(815301076,1909f56bfc062723c751e8b465ee728b)  -> (artifact id: 'f73bde83c3875e67f52c7898be457e49') in 0.026272 seconds
Number of updated asset objects reloaded before import = 0
Number of asset objects unloaded after import = 9
========================================================================
Received Import Request.
  Time since last request: 0.000041 seconds.
  path: Assets/LowPolyBarriersPackFree/BarriersAssets/Prefabs/ConcreteBarriers/ConcreteBarrier_08_v2.prefab
  artifactKey: Guid(ce48558ac6f7fbb498a1a5a73755bc9b) Importer(815301076,1909f56bfc062723c751e8b465ee728b)
Start importing Assets/LowPolyBarriersPackFree/BarriersAssets/Prefabs/ConcreteBarriers/ConcreteBarrier_08_v2.prefab using Guid(ce48558ac6f7fbb498a1a5a73755bc9b) Importer(815301076,1909f56bfc062723c751e8b465ee728b)  -> (artifact id: '1439a1669df3d00e673650656993f68d') in 0.013713 seconds
Number of updated asset objects reloaded before import = 0
Number of asset objects unloaded after import = 10
========================================================================
Received Import Request.
  Time since last request: 0.000045 seconds.
  path: Assets/LowPolyBarriersPackFree/BarriersAssets/Meshes/BarbedWireBarriers/BarbedWireFence_36_v1.fbx
  artifactKey: Guid(d38fc9b79f129384393a749bf10126ee) Importer(815301076,1909f56bfc062723c751e8b465ee728b)
Start importing Assets/LowPolyBarriersPackFree/BarriersAssets/Meshes/BarbedWireBarriers/BarbedWireFence_36_v1.fbx using Guid(d38fc9b79f129384393a749bf10126ee) Importer(815301076,1909f56bfc062723c751e8b465ee728b)  -> (artifact id: '4d0216802419442270a0572f5083c248') in 0.047668 seconds
Number of updated asset objects reloaded before import = 0
Number of asset objects unloaded after import = 8
========================================================================
Received Import Request.
  Time since last request: 0.000038 seconds.
  path: Assets/LowPolyBarriersPackFree/BarriersAssets/Meshes/ConcreteBarriers/ConcreteBarrier_08_v2.fbx
  artifactKey: Guid(cf7fa84b14c72e240896775ab71035e4) Importer(815301076,1909f56bfc062723c751e8b465ee728b)
Start importing Assets/LowPolyBarriersPackFree/BarriersAssets/Meshes/ConcreteBarriers/ConcreteBarrier_08_v2.fbx using Guid(cf7fa84b14c72e240896775ab71035e4) Importer(815301076,1909f56bfc062723c751e8b465ee728b)  -> (artifact id: '7e86c4119117651e30e7d2985eab8411') in 0.035346 seconds
Number of updated asset objects reloaded before import = 0
Number of asset objects unloaded after import = 8
========================================================================
Received Import Request.
  Time since last request: 0.000026 seconds.
  path: Assets/LowPolyBarriersPackFree/BarriersAssets/Prefabs/ConcreteBarriers/ConcreteBarrier_29_v3.prefab
  artifactKey: Guid(f5b099e6487383d4f8661e894b5d3f64) Importer(815301076,1909f56bfc062723c751e8b465ee728b)
Start importing Assets/LowPolyBarriersPackFree/BarriersAssets/Prefabs/ConcreteBarriers/ConcreteBarrier_29_v3.prefab using Guid(f5b099e6487383d4f8661e894b5d3f64) Importer(815301076,1909f56bfc062723c751e8b465ee728b)  -> (artifact id: '080c5b02de01bcc0f257b1400cca93ec') in 0.011874 seconds
Number of updated asset objects reloaded before import = 0
Number of asset objects unloaded after import = 10
========================================================================
Received Import Request.
  Time since last request: 0.000026 seconds.
  path: Assets/LowPolyBarriersPackFree/BarriersAssets/Prefabs/BarbedWireBarriers/BarbedWireMetalFence_26_v1.prefab
  artifactKey: Guid(4b3b356a77ccfe640a982b42b04ecd98) Importer(815301076,1909f56bfc062723c751e8b465ee728b)
Start importing Assets/LowPolyBarriersPackFree/BarriersAssets/Prefabs/BarbedWireBarriers/BarbedWireMetalFence_26_v1.prefab using Guid(4b3b356a77ccfe640a982b42b04ecd98) Importer(815301076,1909f56bfc062723c751e8b465ee728b)  -> (artifact id: 'bd1fe49206b4f740aa07d76d31d13918') in 0.024469 seconds
Number of updated asset objects reloaded before import = 0
Number of asset objects unloaded after import = 10
========================================================================
Received Import Request.
  Time since last request: 0.000024 seconds.
  path: Assets/Prefab/blockPrefab.prefab
  artifactKey: Guid(66591c892645a0a4bbc025d261cad6f2) Importer(815301076,1909f56bfc062723c751e8b465ee728b)
Start importing Assets/Prefab/blockPrefab.prefab using Guid(66591c892645a0a4bbc025d261cad6f2) Importer(815301076,1909f56bfc062723c751e8b465ee728b)  -> (artifact id: '81cd77bc21c34fd0a7860e9645bbc645') in 0.010538 seconds
Number of updated asset objects reloaded before import = 0
Number of asset objects unloaded after import = 8
========================================================================
Received Import Request.
  Time since last request: 23.743179 seconds.
  path: Assets/LowPolyBarriersPackFree/BarriersAssets/Meshes/MetalBarriers/MetalFence_23_v1.fbx
  artifactKey: Guid(c9c5970fb22921b4ea495bc9e1600c21) Importer(815301076,1909f56bfc062723c751e8b465ee728b)
Start importing Assets/LowPolyBarriersPackFree/BarriersAssets/Meshes/MetalBarriers/MetalFence_23_v1.fbx using Guid(c9c5970fb22921b4ea495bc9e1600c21) Importer(815301076,1909f56bfc062723c751e8b465ee728b)  -> (artifact id: 'aa2f8ac364ef60e5e89e185f647644ba') in 0.029161 seconds
Number of updated asset objects reloaded before import = 0
Number of asset objects unloaded after import = 8
========================================================================
Received Import Request.
  Time since last request: 0.000030 seconds.
  path: Assets/LowPolyBarriersPackFree/BarriersAssets/Prefabs/MetalBarriers/MetalFence_23_v1.prefab
  artifactKey: Guid(7ceee308f3489324f8ecc87b4b80740c) Importer(815301076,1909f56bfc062723c751e8b465ee728b)
Start importing Assets/LowPolyBarriersPackFree/BarriersAssets/Prefabs/MetalBarriers/MetalFence_23_v1.prefab using Guid(7ceee308f3489324f8ecc87b4b80740c) Importer(815301076,1909f56bfc062723c751e8b465ee728b)  -> (artifact id: '6af49be05162ee9103380ef0d25c9bc0') in 0.011551 seconds
Number of updated asset objects reloaded before import = 0
Number of asset objects unloaded after import = 12
========================================================================
Received Import Request.
  Time since last request: 0.468284 seconds.
  path: Assets/LowPolyBarriersPackFree/BarriersAssets/Prefabs/SandBagBarriers/SandBagPallet_16_v3.prefab
  artifactKey: Guid(2e8e35039a5a5de429bb5ef87354e790) Importer(815301076,1909f56bfc062723c751e8b465ee728b)
Start importing Assets/LowPolyBarriersPackFree/BarriersAssets/Prefabs/SandBagBarriers/SandBagPallet_16_v3.prefab using Guid(2e8e35039a5a5de429bb5ef87354e790) Importer(815301076,1909f56bfc062723c751e8b465ee728b)  -> (artifact id: '5ad9de38635ffe60c653140691489ed4') in 0.010791 seconds
Number of updated asset objects reloaded before import = 0
Number of asset objects unloaded after import = 10
========================================================================
Received Import Request.
  Time since last request: 0.000032 seconds.
  path: Assets/LowPolyBarriersPackFree/BarriersAssets/Meshes/SandBagBarriers/SandBagPallet_16_v3.fbx
  artifactKey: Guid(c4fcb28b999650e46b63c3a3e988bcdb) Importer(815301076,1909f56bfc062723c751e8b465ee728b)
Start importing Assets/LowPolyBarriersPackFree/BarriersAssets/Meshes/SandBagBarriers/SandBagPallet_16_v3.fbx using Guid(c4fcb28b999650e46b63c3a3e988bcdb) Importer(815301076,1909f56bfc062723c751e8b465ee728b)  -> (artifact id: '9c773b35d5f9e277534c256609c1b889') in 0.048108 seconds
Number of updated asset objects reloaded before import = 0
Number of asset objects unloaded after import = 8
========================================================================
Received Import Request.
  Time since last request: 0.048995 seconds.
  path: Assets/LowPolyBarriersPackFree/BarriersAssets/Prefabs/SandBagBarriers/SandBagWall_04_v2.prefab
  artifactKey: Guid(54d8b5f898d226149905f2836c474e9b) Importer(815301076,1909f56bfc062723c751e8b465ee728b)
Start importing Assets/LowPolyBarriersPackFree/BarriersAssets/Prefabs/SandBagBarriers/SandBagWall_04_v2.prefab using Guid(54d8b5f898d226149905f2836c474e9b) Importer(815301076,1909f56bfc062723c751e8b465ee728b)  -> (artifact id: '70e97207b0b039430a2ab24fa8e9bee1') in 0.011849 seconds
Number of updated asset objects reloaded before import = 0
Number of asset objects unloaded after import = 10
========================================================================
Received Import Request.
  Time since last request: 0.000028 seconds.
  path: Assets/LowPolyBarriersPackFree/BarriersAssets/Prefabs/SandBagBarriers/SandBarrier_28_v1.prefab
  artifactKey: Guid(0371f61bcdd2799478720637ee746b4f) Importer(815301076,1909f56bfc062723c751e8b465ee728b)
Start importing Assets/LowPolyBarriersPackFree/BarriersAssets/Prefabs/SandBagBarriers/SandBarrier_28_v1.prefab using Guid(0371f61bcdd2799478720637ee746b4f) Importer(815301076,1909f56bfc062723c751e8b465ee728b)  -> (artifact id: 'bdb87ce91f015293778c6414b77aee94') in 0.012677 seconds
Number of updated asset objects reloaded before import = 0
Number of asset objects unloaded after import = 10
========================================================================
Received Import Request.
  Time since last request: 0.392858 seconds.
  path: Assets/Prefab/SideWall.prefab
  artifactKey: Guid(3fb63bdc5cbf69e49ae2abf04bc16577) Importer(815301076,1909f56bfc062723c751e8b465ee728b)
Start importing Assets/Prefab/SideWall.prefab using Guid(3fb63bdc5cbf69e49ae2abf04bc16577) Importer(815301076,1909f56bfc062723c751e8b465ee728b)  -> (artifact id: '005d1931afdce2db574596d6463acadc') in 0.009597 seconds
Number of updated asset objects reloaded before import = 0
Number of asset objects unloaded after import = 8
========================================================================
Received Import Request.
  Time since last request: 0.000029 seconds.
  path: Assets/LowPolyBarriersPackFree/BarriersAssets/Prefabs/WoodenBarriers/WoodenBarrierParts/SingleLog_09_v1.prefab
  artifactKey: Guid(c61730e7e4ed08945ac03d38e89efc05) Importer(815301076,1909f56bfc062723c751e8b465ee728b)
Start importing Assets/LowPolyBarriersPackFree/BarriersAssets/Prefabs/WoodenBarriers/WoodenBarrierParts/SingleLog_09_v1.prefab using Guid(c61730e7e4ed08945ac03d38e89efc05) Importer(815301076,1909f56bfc062723c751e8b465ee728b)  -> (artifact id: '13d70db4baf622c72d4929205d22df7f') in 0.010720 seconds
Number of updated asset objects reloaded before import = 0
Number of asset objects unloaded after import = 10
========================================================================
Received Import Request.
  Time since last request: 0.077994 seconds.
  path: Assets/LowPolyBarriersPackFree/BarriersAssets/Prefabs/WoodenBarriers/WoodenBarrierParts/SingleSmallLog_12_v2.prefab
  artifactKey: Guid(cc63051a86d7809439fa2c77c482e68d) Importer(815301076,1909f56bfc062723c751e8b465ee728b)
Start importing Assets/LowPolyBarriersPackFree/BarriersAssets/Prefabs/WoodenBarriers/WoodenBarrierParts/SingleSmallLog_12_v2.prefab using Guid(cc63051a86d7809439fa2c77c482e68d) Importer(815301076,1909f56bfc062723c751e8b465ee728b)  -> (artifact id: '95f770d3f028aa68f911d76b8b319888') in 0.015199 seconds
Number of updated asset objects reloaded before import = 0
Number of asset objects unloaded after import = 10
========================================================================
Received Import Request.
  Time since last request: 0.000028 seconds.
  path: Assets/LowPolyBarriersPackFree/BarriersAssets/Meshes/WoodenBarriers/WoodenBarriersParts/SingleSmallLog_12_v2.fbx
  artifactKey: Guid(bff4be5fed6eb0c45b648a0a15163a65) Importer(815301076,1909f56bfc062723c751e8b465ee728b)
Start importing Assets/LowPolyBarriersPackFree/BarriersAssets/Meshes/WoodenBarriers/WoodenBarriersParts/SingleSmallLog_12_v2.fbx using Guid(bff4be5fed6eb0c45b648a0a15163a65) Importer(815301076,1909f56bfc062723c751e8b465ee728b)  -> (artifact id: '99d40edd7fe4d0755e8daaa706b9a375') in 0.043022 seconds
Number of updated asset objects reloaded before import = 0
Number of asset objects unloaded after import = 8
========================================================================
Received Import Request.
  Time since last request: 2.359195 seconds.
  path: Assets/LowPolyBarriersPackFree/BarriersAssets/Meshes/WoodenBarriers/WoodenBarriersParts/SingleWoodenPlank_13_v1.fbx
  artifactKey: Guid(5a74e734abafc5746b400fd54c47aa68) Importer(815301076,1909f56bfc062723c751e8b465ee728b)
Start importing Assets/LowPolyBarriersPackFree/BarriersAssets/Meshes/WoodenBarriers/WoodenBarriersParts/SingleWoodenPlank_13_v1.fbx using Guid(5a74e734abafc5746b400fd54c47aa68) Importer(815301076,1909f56bfc062723c751e8b465ee728b)  -> (artifact id: 'c98dc0a8b065129220a3d9c653ca84a2') in 0.050859 seconds
Number of updated asset objects reloaded before import = 0
Number of asset objects unloaded after import = 8
========================================================================
Received Import Request.
  Time since last request: 0.054832 seconds.
  path: Assets/NavMeshAgentAssets/Examples/Prefabs/DungeonTiles/Tile1.prefab
  artifactKey: Guid(00022e44e06ba4686a52ff33cd6af19b) Importer(815301076,1909f56bfc062723c751e8b465ee728b)
Start importing Assets/NavMeshAgentAssets/Examples/Prefabs/DungeonTiles/Tile1.prefab using Guid(00022e44e06ba4686a52ff33cd6af19b) Importer(815301076,1909f56bfc062723c751e8b465ee728b)  -> (artifact id: '670e5c0a435d50aefee0e746fde10d36') in 0.015152 seconds
Number of updated asset objects reloaded before import = 0
Number of asset objects unloaded after import = 31
========================================================================
Received Import Request.
  Time since last request: 0.266654 seconds.
  path: Assets/NavMeshAgentAssets/Examples/Prefabs/DungeonTiles/Tile4.prefab
  artifactKey: Guid(90dfa7f7fe66347389d869f92b1b6a9f) Importer(815301076,1909f56bfc062723c751e8b465ee728b)
Start importing Assets/NavMeshAgentAssets/Examples/Prefabs/DungeonTiles/Tile4.prefab using Guid(90dfa7f7fe66347389d869f92b1b6a9f) Importer(815301076,1909f56bfc062723c751e8b465ee728b)  -> (artifact id: '28d5e46bb0bb376212b0be64fa12f3a6') in 0.013388 seconds
Number of updated asset objects reloaded before import = 0
Number of asset objects unloaded after import = 31
========================================================================
Received Import Request.
  Time since last request: 0.091987 seconds.
  path: Assets/NavMeshAgentAssets/Examples/Prefabs/DungeonTiles/Tile7.prefab
  artifactKey: Guid(7af464697e0ab41a5be05dee6f5c2b73) Importer(815301076,1909f56bfc062723c751e8b465ee728b)
Start importing Assets/NavMeshAgentAssets/Examples/Prefabs/DungeonTiles/Tile7.prefab using Guid(7af464697e0ab41a5be05dee6f5c2b73) Importer(815301076,1909f56bfc062723c751e8b465ee728b)  -> (artifact id: '934a55fb12074db36004c5cd16e019b0') in 0.011367 seconds
Number of updated asset objects reloaded before import = 0
Number of asset objects unloaded after import = 27
========================================================================
Received Import Request.
  Time since last request: 0.088564 seconds.
  path: Assets/NavMeshAgentAssets/Examples/Prefabs/DungeonTiles/Tile10.prefab
  artifactKey: Guid(d8eccfbc35cf449459e0a29707a8601a) Importer(815301076,1909f56bfc062723c751e8b465ee728b)
Start importing Assets/NavMeshAgentAssets/Examples/Prefabs/DungeonTiles/Tile10.prefab using Guid(d8eccfbc35cf449459e0a29707a8601a) Importer(815301076,1909f56bfc062723c751e8b465ee728b)  -> (artifact id: 'd6eede375097087a92857f1a9ed12375') in 0.012884 seconds
Number of updated asset objects reloaded before import = 0
Number of asset objects unloaded after import = 29
========================================================================
Received Import Request.
  Time since last request: 0.000031 seconds.
  path: Assets/NavMeshAgentAssets/Examples/Prefabs/DungeonTiles/Tile11.prefab
  artifactKey: Guid(d8f00be40153543d0ab1f0d99a74df6c) Importer(815301076,1909f56bfc062723c751e8b465ee728b)
Start importing Assets/NavMeshAgentAssets/Examples/Prefabs/DungeonTiles/Tile11.prefab using Guid(d8f00be40153543d0ab1f0d99a74df6c) Importer(815301076,1909f56bfc062723c751e8b465ee728b)  -> (artifact id: 'dea99e3da68a1a2f46ede351a06117df') in 0.010477 seconds
Number of updated asset objects reloaded before import = 0
Number of asset objects unloaded after import = 27
========================================================================
Received Import Request.
  Time since last request: 0.493106 seconds.
  path: Assets/NavMeshAgentAssets/Examples/Prefabs/DungeonTiles/Tile13.prefab
  artifactKey: Guid(e161c87f6a4c3413c881fcb2dfdd9b28) Importer(815301076,1909f56bfc062723c751e8b465ee728b)
Start importing Assets/NavMeshAgentAssets/Examples/Prefabs/DungeonTiles/Tile13.prefab using Guid(e161c87f6a4c3413c881fcb2dfdd9b28) Importer(815301076,1909f56bfc062723c751e8b465ee728b)  -> (artifact id: 'afb5b1314eb1eef5cc6c90fcf5355233') in 0.012618 seconds
Number of updated asset objects reloaded before import = 0
Number of asset objects unloaded after import = 27
========================================================================
Received Import Request.
  Time since last request: 0.048825 seconds.
  path: Assets/LowPolyBarriersPackFree/BarriersAssets/Prefabs/BarbedWireBarriers/WoodenBarbedWireBarrier_33_v1.prefab
  artifactKey: Guid(b4b7339fb3082864b8444ec917d80cf4) Importer(815301076,1909f56bfc062723c751e8b465ee728b)
Start importing Assets/LowPolyBarriersPackFree/BarriersAssets/Prefabs/BarbedWireBarriers/WoodenBarbedWireBarrier_33_v1.prefab using Guid(b4b7339fb3082864b8444ec917d80cf4) Importer(815301076,1909f56bfc062723c751e8b465ee728b)  -> (artifact id: '52c1f2a7cfa549eb39e03970056a5888') in 0.011780 seconds
Number of updated asset objects reloaded before import = 0
Number of asset objects unloaded after import = 10
========================================================================
Received Import Request.
  Time since last request: 0.000036 seconds.
  path: Assets/LowPolyBarriersPackFree/BarriersAssets/Meshes/BarbedWireBarriers/WoodenBarbedWireBarrier_33_v1.fbx
  artifactKey: Guid(4c6c192b35c498f4c8ce6240df182c1d) Importer(815301076,1909f56bfc062723c751e8b465ee728b)
Start importing Assets/LowPolyBarriersPackFree/BarriersAssets/Meshes/BarbedWireBarriers/WoodenBarbedWireBarrier_33_v1.fbx using Guid(4c6c192b35c498f4c8ce6240df182c1d) Importer(815301076,1909f56bfc062723c751e8b465ee728b)  -> (artifact id: 'fcc5c9c42935c64f412fcc31502224bd') in 0.042163 seconds
Number of updated asset objects reloaded before import = 0
Number of asset objects unloaded after import = 8
========================================================================
Received Import Request.
  Time since last request: 0.000033 seconds.
  path: Assets/LowPolyBarriersPackFree/BarriersAssets/Prefabs/WoodenBarriers/WoodenPlankBarrier_14_v1.prefab
  artifactKey: Guid(3318a0dcc90627d4394e56a36f632ee6) Importer(815301076,1909f56bfc062723c751e8b465ee728b)
Start importing Assets/LowPolyBarriersPackFree/BarriersAssets/Prefabs/WoodenBarriers/WoodenPlankBarrier_14_v1.prefab using Guid(3318a0dcc90627d4394e56a36f632ee6) Importer(815301076,1909f56bfc062723c751e8b465ee728b)  -> (artifact id: '00de7ab8ba2c6d122b55bee8c06585d0') in 0.010656 seconds
Number of updated asset objects reloaded before import = 0
Number of asset objects unloaded after import = 10
========================================================================
Received Import Request.
  Time since last request: 0.000060 seconds.
  path: Assets/LowPolyBarriersPackFree/BarriersAssets/Prefabs/WoodenBarriers/WoodenBarrier_09_v1.prefab
  artifactKey: Guid(4d77b47f753caf24493215b264f25ad6) Importer(815301076,1909f56bfc062723c751e8b465ee728b)
Start importing Assets/LowPolyBarriersPackFree/BarriersAssets/Prefabs/WoodenBarriers/WoodenBarrier_09_v1.prefab using Guid(4d77b47f753caf24493215b264f25ad6) Importer(815301076,1909f56bfc062723c751e8b465ee728b)  -> (artifact id: '8d306318a601861e4b42df9aa9552892') in 0.019060 seconds
Number of updated asset objects reloaded before import = 0
Number of asset objects unloaded after import = 10
========================================================================
Received Prepare
Begin MonoManager ReloadAssembly
- Loaded All Assemblies, in  0.580 seconds
Refreshing native plugins compatible for Editor in 2.84 ms, found 3 plugins.
Native extension for WindowsStandalone target not found
Native extension for WebGL target not found
[Package Manager] Server::EnsureServerProcessIsRunning -- launch failed, reason: Unity was launched with the -noUpm command-line argument
[Package Manager] UpmClient::Send -- Unable to send message (not connected to UPM process).
[Package Manager] Cannot connect to Unity Package Manager local server
Mono: successfully reloaded assembly
- Finished resetting the current domain, in  1.553 seconds
Domain Reload Profiling: 2132ms
	BeginReloadAssembly (212ms)
		ExecutionOrderSort (0ms)
		DisableScriptedObjects (8ms)
		BackupInstance (0ms)
		ReleaseScriptingObjects (0ms)
		CreateAndSetChildDomain (58ms)
	RebuildCommonClasses (56ms)
	RebuildNativeTypeToScriptingClass (15ms)
	initialDomainReloadingComplete (39ms)
	LoadAllAssembliesAndSetupDomain (257ms)
		LoadAssemblies (350ms)
		RebuildTransferFunctionScriptingTraits (0ms)
		AnalyzeDomain (17ms)
			TypeCache.Refresh (7ms)
				TypeCache.ScanAssembly (0ms)
			ScanForSourceGeneratedMonoScriptInfo (0ms)
			ResolveRequiredComponents (7ms)
	FinalizeReload (1554ms)
		ReleaseScriptCaches (0ms)
		RebuildScriptCaches (0ms)
		SetupLoadedEditorAssemblies (941ms)
			LogAssemblyErrors (0ms)
			InitializePlatformSupportModulesInManaged (7ms)
			SetLoadedEditorAssemblies (6ms)
			RefreshPlugins (0ms)
			BeforeProcessingInitializeOnLoad (92ms)
			ProcessInitializeOnLoadAttributes (783ms)
			ProcessInitializeOnLoadMethodAttributes (47ms)
			AfterProcessingInitializeOnLoad (5ms)
			EditorAssembliesLoaded (0ms)
		ExecutionOrderSort2 (0ms)
		AwakeInstancesAfterBackupRestoration (15ms)
Refreshing native plugins compatible for Editor in 2.90 ms, found 3 plugins.
Preloading 0 native plugins for Editor in 0.00 ms.
Unloading 3366 Unused Serialized files (Serialized files now loaded: 0)
Unloading 71 unused Assets / (3.8 MB). Loaded Objects now: 3871.
Memory consumption went from 151.8 MB to 148.1 MB.
Total: 10.372900 ms (FindLiveObjects: 0.679700 ms CreateObjectMapping: 0.789400 ms MarkObjects: 5.489000 ms  DeleteObjects: 3.412400 ms)

Prepare: number of updated asset objects reloaded= 0
AssetImportParameters requested are different than current active one (requested -> active):
  custom:container-demuxer-ogg: 62fdf1f143b41e24485cea50d1cbac27 -> 
  custom:video-decoder-ogg-theora: a1e56fd34408186e4bbccfd4996cb3dc -> 
  custom:framework-win-MediaFoundation: 216162199b28c13a410421893ffa2e32 -> 
  custom:CustomObjectIndexerAttribute: 6d391050e5a25f67b0a2c618074f2cd9 -> 
  custom:container-demuxer-webm: 4f35f7cbe854078d1ac9338744f61a02 -> 
  custom:container-muxer-webm: aa71ff27fc2769a1b78a27578f13a17b -> 
  custom:video-decoder-webm-vp8: 9c59270c3fd7afecdb556c50c9e8de78 -> 
  custom:SearchIndexIgnoredProperties: e643bd26f0fe6173181afceb89e7c659 -> 
  custom:AudioImporter_EditorPlatform: d09bf68614088b80899f8185d706f6e7 -> 
  custom:video-encoder-webm-vp8: eb34c28f22e8b96e1ab97ce403110664 -> 
  custom:audio-decoder-ogg-vorbis: bf7c407c2cedff20999df2af8eb42d56 -> 
  custom:audio-encoder-webm-vorbis: bf7c407c2cedff20999df2af8eb42d56 -> 
========================================================================
Received Prepare
Begin MonoManager ReloadAssembly
- Loaded All Assemblies, in  0.601 seconds
Refreshing native plugins compatible for Editor in 2.13 ms, found 3 plugins.
Native extension for WindowsStandalone target not found
Native extension for WebGL target not found
[Package Manager] Server::EnsureServerProcessIsRunning -- launch failed, reason: Unity was launched with the -noUpm command-line argument
[Package Manager] UpmClient::Send -- Unable to send message (not connected to UPM process).
[Package Manager] Cannot connect to Unity Package Manager local server
Mono: successfully reloaded assembly
- Finished resetting the current domain, in  1.530 seconds
Domain Reload Profiling: 2130ms
	BeginReloadAssembly (224ms)
		ExecutionOrderSort (0ms)
		DisableScriptedObjects (10ms)
		BackupInstance (0ms)
		ReleaseScriptingObjects (0ms)
		CreateAndSetChildDomain (64ms)
	RebuildCommonClasses (53ms)
	RebuildNativeTypeToScriptingClass (16ms)
	initialDomainReloadingComplete (45ms)
	LoadAllAssembliesAndSetupDomain (263ms)
		LoadAssemblies (358ms)
		RebuildTransferFunctionScriptingTraits (0ms)
		AnalyzeDomain (16ms)
			TypeCache.Refresh (7ms)
				TypeCache.ScanAssembly (0ms)
			ScanForSourceGeneratedMonoScriptInfo (0ms)
			ResolveRequiredComponents (7ms)
	FinalizeReload (1530ms)
		ReleaseScriptCaches (0ms)
		RebuildScriptCaches (0ms)
		SetupLoadedEditorAssemblies (935ms)
			LogAssemblyErrors (0ms)
			InitializePlatformSupportModulesInManaged (11ms)
			SetLoadedEditorAssemblies (8ms)
			RefreshPlugins (0ms)
			BeforeProcessingInitializeOnLoad (101ms)
			ProcessInitializeOnLoadAttributes (765ms)
			ProcessInitializeOnLoadMethodAttributes (45ms)
			AfterProcessingInitializeOnLoad (4ms)
			EditorAssembliesLoaded (0ms)
		ExecutionOrderSort2 (0ms)
		AwakeInstancesAfterBackupRestoration (13ms)
Refreshing native plugins compatible for Editor in 4.19 ms, found 3 plugins.
Preloading 0 native plugins for Editor in 0.00 ms.
Unloading 3366 Unused Serialized files (Serialized files now loaded: 0)
Unloading 71 unused Assets / (3.8 MB). Loaded Objects now: 3874.
Memory consumption went from 153.8 MB to 150.0 MB.
Total: 10.962300 ms (FindLiveObjects: 0.545500 ms CreateObjectMapping: 0.526700 ms MarkObjects: 5.792000 ms  DeleteObjects: 4.095800 ms)

Prepare: number of updated asset objects reloaded= 0
AssetImportParameters requested are different than current active one (requested -> active):
  custom:container-demuxer-ogg: 62fdf1f143b41e24485cea50d1cbac27 -> 
  custom:video-decoder-ogg-theora: a1e56fd34408186e4bbccfd4996cb3dc -> 
  custom:framework-win-MediaFoundation: 216162199b28c13a410421893ffa2e32 -> 
  custom:CustomObjectIndexerAttribute: 6d391050e5a25f67b0a2c618074f2cd9 -> 
  custom:container-demuxer-webm: 4f35f7cbe854078d1ac9338744f61a02 -> 
  custom:container-muxer-webm: aa71ff27fc2769a1b78a27578f13a17b -> 
  custom:video-decoder-webm-vp8: 9c59270c3fd7afecdb556c50c9e8de78 -> 
  custom:SearchIndexIgnoredProperties: e643bd26f0fe6173181afceb89e7c659 -> 
  custom:AudioImporter_EditorPlatform: d09bf68614088b80899f8185d706f6e7 -> 
  custom:video-encoder-webm-vp8: eb34c28f22e8b96e1ab97ce403110664 -> 
  custom:audio-decoder-ogg-vorbis: bf7c407c2cedff20999df2af8eb42d56 -> 
  custom:audio-encoder-webm-vorbis: bf7c407c2cedff20999df2af8eb42d56 -> 
========================================================================
Received Prepare
Begin MonoManager ReloadAssembly
- Loaded All Assemblies, in  0.561 seconds
Refreshing native plugins compatible for Editor in 2.04 ms, found 3 plugins.
Native extension for WindowsStandalone target not found
Native extension for WebGL target not found
[Package Manager] Server::EnsureServerProcessIsRunning -- launch failed, reason: Unity was launched with the -noUpm command-line argument
[Package Manager] UpmClient::Send -- Unable to send message (not connected to UPM process).
[Package Manager] Cannot connect to Unity Package Manager local server
Mono: successfully reloaded assembly
- Finished resetting the current domain, in  1.490 seconds
Domain Reload Profiling: 2052ms
	BeginReloadAssembly (214ms)
		ExecutionOrderSort (0ms)
		DisableScriptedObjects (8ms)
		BackupInstance (0ms)
		ReleaseScriptingObjects (0ms)
		CreateAndSetChildDomain (44ms)
	RebuildCommonClasses (57ms)
	RebuildNativeTypeToScriptingClass (14ms)
	initialDomainReloadingComplete (32ms)
	LoadAllAssembliesAndSetupDomain (243ms)
		LoadAssemblies (348ms)
		RebuildTransferFunctionScriptingTraits (0ms)
		AnalyzeDomain (15ms)
			TypeCache.Refresh (6ms)
				TypeCache.ScanAssembly (0ms)
			ScanForSourceGeneratedMonoScriptInfo (0ms)
			ResolveRequiredComponents (7ms)
	FinalizeReload (1491ms)
		ReleaseScriptCaches (0ms)
		RebuildScriptCaches (0ms)
		SetupLoadedEditorAssemblies (904ms)
			LogAssemblyErrors (0ms)
			InitializePlatformSupportModulesInManaged (9ms)
			SetLoadedEditorAssemblies (7ms)
			RefreshPlugins (0ms)
			BeforeProcessingInitializeOnLoad (97ms)
			ProcessInitializeOnLoadAttributes (739ms)
			ProcessInitializeOnLoadMethodAttributes (47ms)
			AfterProcessingInitializeOnLoad (4ms)
			EditorAssembliesLoaded (0ms)
		ExecutionOrderSort2 (0ms)
		AwakeInstancesAfterBackupRestoration (14ms)
Refreshing native plugins compatible for Editor in 4.26 ms, found 3 plugins.
Preloading 0 native plugins for Editor in 0.00 ms.
Unloading 3366 Unused Serialized files (Serialized files now loaded: 0)
Unloading 71 unused Assets / (3.8 MB). Loaded Objects now: 3877.
Memory consumption went from 155.7 MB to 152.0 MB.
Total: 9.025000 ms (FindLiveObjects: 0.835100 ms CreateObjectMapping: 0.400500 ms MarkObjects: 4.751500 ms  DeleteObjects: 3.035500 ms)

Prepare: number of updated asset objects reloaded= 0
AssetImportParameters requested are different than current active one (requested -> active):
  custom:container-demuxer-ogg: 62fdf1f143b41e24485cea50d1cbac27 -> 
  custom:video-decoder-ogg-theora: a1e56fd34408186e4bbccfd4996cb3dc -> 
  custom:framework-win-MediaFoundation: 216162199b28c13a410421893ffa2e32 -> 
  custom:CustomObjectIndexerAttribute: 6d391050e5a25f67b0a2c618074f2cd9 -> 
  custom:container-demuxer-webm: 4f35f7cbe854078d1ac9338744f61a02 -> 
  custom:container-muxer-webm: aa71ff27fc2769a1b78a27578f13a17b -> 
  custom:video-decoder-webm-vp8: 9c59270c3fd7afecdb556c50c9e8de78 -> 
  custom:SearchIndexIgnoredProperties: e643bd26f0fe6173181afceb89e7c659 -> 
  custom:AudioImporter_EditorPlatform: d09bf68614088b80899f8185d706f6e7 -> 
  custom:video-encoder-webm-vp8: eb34c28f22e8b96e1ab97ce403110664 -> 
  custom:audio-decoder-ogg-vorbis: bf7c407c2cedff20999df2af8eb42d56 -> 
  custom:audio-encoder-webm-vorbis: bf7c407c2cedff20999df2af8eb42d56 -> 
========================================================================
Received Prepare
Begin MonoManager ReloadAssembly
- Loaded All Assemblies, in  0.573 seconds
Refreshing native plugins compatible for Editor in 2.02 ms, found 3 plugins.
Native extension for WindowsStandalone target not found
Native extension for WebGL target not found
[Package Manager] Server::EnsureServerProcessIsRunning -- launch failed, reason: Unity was launched with the -noUpm command-line argument
[Package Manager] UpmClient::Send -- Unable to send message (not connected to UPM process).
[Package Manager] Cannot connect to Unity Package Manager local server
Mono: successfully reloaded assembly
- Finished resetting the current domain, in  1.604 seconds
Domain Reload Profiling: 2177ms
	BeginReloadAssembly (210ms)
		ExecutionOrderSort (0ms)
		DisableScriptedObjects (8ms)
		BackupInstance (0ms)
		ReleaseScriptingObjects (0ms)
		CreateAndSetChildDomain (51ms)
	RebuildCommonClasses (54ms)
	RebuildNativeTypeToScriptingClass (16ms)
	initialDomainReloadingComplete (37ms)
	LoadAllAssembliesAndSetupDomain (256ms)
		LoadAssemblies (351ms)
		RebuildTransferFunctionScriptingTraits (0ms)
		AnalyzeDomain (17ms)
			TypeCache.Refresh (7ms)
				TypeCache.ScanAssembly (0ms)
			ScanForSourceGeneratedMonoScriptInfo (0ms)
			ResolveRequiredComponents (7ms)
	FinalizeReload (1605ms)
		ReleaseScriptCaches (0ms)
		RebuildScriptCaches (0ms)
		SetupLoadedEditorAssemblies (991ms)
			LogAssemblyErrors (0ms)
			InitializePlatformSupportModulesInManaged (11ms)
			SetLoadedEditorAssemblies (9ms)
			RefreshPlugins (0ms)
			BeforeProcessingInitializeOnLoad (102ms)
			ProcessInitializeOnLoadAttributes (817ms)
			ProcessInitializeOnLoadMethodAttributes (48ms)
			AfterProcessingInitializeOnLoad (4ms)
			EditorAssembliesLoaded (0ms)
		ExecutionOrderSort2 (0ms)
		AwakeInstancesAfterBackupRestoration (15ms)
Refreshing native plugins compatible for Editor in 4.24 ms, found 3 plugins.
Preloading 0 native plugins for Editor in 0.00 ms.
Unloading 3366 Unused Serialized files (Serialized files now loaded: 0)
Unloading 71 unused Assets / (3.8 MB). Loaded Objects now: 3880.
Memory consumption went from 157.7 MB to 153.9 MB.
Total: 10.796300 ms (FindLiveObjects: 0.851900 ms CreateObjectMapping: 0.690100 ms MarkObjects: 6.213600 ms  DeleteObjects: 3.038000 ms)

Prepare: number of updated asset objects reloaded= 0
AssetImportParameters requested are different than current active one (requested -> active):
  custom:container-demuxer-ogg: 62fdf1f143b41e24485cea50d1cbac27 -> 
  custom:video-decoder-ogg-theora: a1e56fd34408186e4bbccfd4996cb3dc -> 
  custom:framework-win-MediaFoundation: 216162199b28c13a410421893ffa2e32 -> 
  custom:CustomObjectIndexerAttribute: 6d391050e5a25f67b0a2c618074f2cd9 -> 
  custom:container-demuxer-webm: 4f35f7cbe854078d1ac9338744f61a02 -> 
  custom:container-muxer-webm: aa71ff27fc2769a1b78a27578f13a17b -> 
  custom:video-decoder-webm-vp8: 9c59270c3fd7afecdb556c50c9e8de78 -> 
  custom:SearchIndexIgnoredProperties: e643bd26f0fe6173181afceb89e7c659 -> 
  custom:AudioImporter_EditorPlatform: d09bf68614088b80899f8185d706f6e7 -> 
  custom:video-encoder-webm-vp8: eb34c28f22e8b96e1ab97ce403110664 -> 
  custom:audio-decoder-ogg-vorbis: bf7c407c2cedff20999df2af8eb42d56 -> 
  custom:audio-encoder-webm-vorbis: bf7c407c2cedff20999df2af8eb42d56 -> 
========================================================================
Received Prepare
Begin MonoManager ReloadAssembly
- Loaded All Assemblies, in  0.600 seconds
Refreshing native plugins compatible for Editor in 3.41 ms, found 3 plugins.
Native extension for WindowsStandalone target not found
Native extension for WebGL target not found
[Package Manager] Server::EnsureServerProcessIsRunning -- launch failed, reason: Unity was launched with the -noUpm command-line argument
[Package Manager] UpmClient::Send -- Unable to send message (not connected to UPM process).
[Package Manager] Cannot connect to Unity Package Manager local server
Mono: successfully reloaded assembly
- Finished resetting the current domain, in  1.590 seconds
Domain Reload Profiling: 2191ms
	BeginReloadAssembly (223ms)
		ExecutionOrderSort (0ms)
		DisableScriptedObjects (10ms)
		BackupInstance (0ms)
		ReleaseScriptingObjects (0ms)
		CreateAndSetChildDomain (56ms)
	RebuildCommonClasses (51ms)
	RebuildNativeTypeToScriptingClass (19ms)
	initialDomainReloadingComplete (39ms)
	LoadAllAssembliesAndSetupDomain (267ms)
		LoadAssemblies (371ms)
		RebuildTransferFunctionScriptingTraits (0ms)
		AnalyzeDomain (16ms)
			TypeCache.Refresh (6ms)
				TypeCache.ScanAssembly (0ms)
			ScanForSourceGeneratedMonoScriptInfo (0ms)
			ResolveRequiredComponents (7ms)
	FinalizeReload (1591ms)
		ReleaseScriptCaches (0ms)
		RebuildScriptCaches (0ms)
		SetupLoadedEditorAssemblies (981ms)
			LogAssemblyErrors (0ms)
			InitializePlatformSupportModulesInManaged (8ms)
			SetLoadedEditorAssemblies (9ms)
			RefreshPlugins (0ms)
			BeforeProcessingInitializeOnLoad (97ms)
			ProcessInitializeOnLoadAttributes (813ms)
			ProcessInitializeOnLoadMethodAttributes (49ms)
			AfterProcessingInitializeOnLoad (5ms)
			EditorAssembliesLoaded (0ms)
		ExecutionOrderSort2 (0ms)
		AwakeInstancesAfterBackupRestoration (14ms)
Refreshing native plugins compatible for Editor in 4.87 ms, found 3 plugins.
Preloading 0 native plugins for Editor in 0.00 ms.
Unloading 3366 Unused Serialized files (Serialized files now loaded: 0)
Unloading 71 unused Assets / (3.8 MB). Loaded Objects now: 3883.
Memory consumption went from 159.6 MB to 155.8 MB.
Total: 11.061000 ms (FindLiveObjects: 0.676600 ms CreateObjectMapping: 0.412300 ms MarkObjects: 6.670000 ms  DeleteObjects: 3.299600 ms)

Prepare: number of updated asset objects reloaded= 0
AssetImportParameters requested are different than current active one (requested -> active):
  custom:container-demuxer-ogg: 62fdf1f143b41e24485cea50d1cbac27 -> 
  custom:video-decoder-ogg-theora: a1e56fd34408186e4bbccfd4996cb3dc -> 
  custom:framework-win-MediaFoundation: 216162199b28c13a410421893ffa2e32 -> 
  custom:CustomObjectIndexerAttribute: 6d391050e5a25f67b0a2c618074f2cd9 -> 
  custom:container-demuxer-webm: 4f35f7cbe854078d1ac9338744f61a02 -> 
  custom:container-muxer-webm: aa71ff27fc2769a1b78a27578f13a17b -> 
  custom:video-decoder-webm-vp8: 9c59270c3fd7afecdb556c50c9e8de78 -> 
  custom:SearchIndexIgnoredProperties: e643bd26f0fe6173181afceb89e7c659 -> 
  custom:AudioImporter_EditorPlatform: d09bf68614088b80899f8185d706f6e7 -> 
  custom:video-encoder-webm-vp8: eb34c28f22e8b96e1ab97ce403110664 -> 
  custom:audio-decoder-ogg-vorbis: bf7c407c2cedff20999df2af8eb42d56 -> 
  custom:audio-encoder-webm-vorbis: bf7c407c2cedff20999df2af8eb42d56 -> 
========================================================================
Received Prepare
Begin MonoManager ReloadAssembly
- Loaded All Assemblies, in  0.590 seconds
Refreshing native plugins compatible for Editor in 2.17 ms, found 3 plugins.
Native extension for WindowsStandalone target not found
Native extension for WebGL target not found
[Package Manager] Server::EnsureServerProcessIsRunning -- launch failed, reason: Unity was launched with the -noUpm command-line argument
[Package Manager] UpmClient::Send -- Unable to send message (not connected to UPM process).
[Package Manager] Cannot connect to Unity Package Manager local server
Mono: successfully reloaded assembly
- Finished resetting the current domain, in  1.528 seconds
Domain Reload Profiling: 2119ms
	BeginReloadAssembly (219ms)
		ExecutionOrderSort (0ms)
		DisableScriptedObjects (9ms)
		BackupInstance (0ms)
		ReleaseScriptingObjects (0ms)
		CreateAndSetChildDomain (53ms)
	RebuildCommonClasses (49ms)
	RebuildNativeTypeToScriptingClass (15ms)
	initialDomainReloadingComplete (32ms)
	LoadAllAssembliesAndSetupDomain (274ms)
		LoadAssemblies (375ms)
		RebuildTransferFunctionScriptingTraits (0ms)
		AnalyzeDomain (20ms)
			TypeCache.Refresh (9ms)
				TypeCache.ScanAssembly (0ms)
			ScanForSourceGeneratedMonoScriptInfo (0ms)
			ResolveRequiredComponents (8ms)
	FinalizeReload (1529ms)
		ReleaseScriptCaches (0ms)
		RebuildScriptCaches (0ms)
		SetupLoadedEditorAssemblies (915ms)
			LogAssemblyErrors (0ms)
			InitializePlatformSupportModulesInManaged (9ms)
			SetLoadedEditorAssemblies (6ms)
			RefreshPlugins (0ms)
			BeforeProcessingInitializeOnLoad (88ms)
			ProcessInitializeOnLoadAttributes (759ms)
			ProcessInitializeOnLoadMethodAttributes (47ms)
			AfterProcessingInitializeOnLoad (5ms)
			EditorAssembliesLoaded (0ms)
		ExecutionOrderSort2 (0ms)
		AwakeInstancesAfterBackupRestoration (15ms)
Refreshing native plugins compatible for Editor in 3.75 ms, found 3 plugins.
Preloading 0 native plugins for Editor in 0.00 ms.
Unloading 3366 Unused Serialized files (Serialized files now loaded: 0)
Unloading 71 unused Assets / (3.8 MB). Loaded Objects now: 3886.
Memory consumption went from 161.5 MB to 157.7 MB.
Total: 12.860900 ms (FindLiveObjects: 1.550400 ms CreateObjectMapping: 0.283100 ms MarkObjects: 6.972200 ms  DeleteObjects: 4.053100 ms)

Prepare: number of updated asset objects reloaded= 0
AssetImportParameters requested are different than current active one (requested -> active):
  custom:container-demuxer-ogg: 62fdf1f143b41e24485cea50d1cbac27 -> 
  custom:video-decoder-ogg-theora: a1e56fd34408186e4bbccfd4996cb3dc -> 
  custom:framework-win-MediaFoundation: 216162199b28c13a410421893ffa2e32 -> 
  custom:CustomObjectIndexerAttribute: 6d391050e5a25f67b0a2c618074f2cd9 -> 
  custom:container-demuxer-webm: 4f35f7cbe854078d1ac9338744f61a02 -> 
  custom:container-muxer-webm: aa71ff27fc2769a1b78a27578f13a17b -> 
  custom:video-decoder-webm-vp8: 9c59270c3fd7afecdb556c50c9e8de78 -> 
  custom:SearchIndexIgnoredProperties: e643bd26f0fe6173181afceb89e7c659 -> 
  custom:AudioImporter_EditorPlatform: d09bf68614088b80899f8185d706f6e7 -> 
  custom:video-encoder-webm-vp8: eb34c28f22e8b96e1ab97ce403110664 -> 
  custom:audio-decoder-ogg-vorbis: bf7c407c2cedff20999df2af8eb42d56 -> 
  custom:audio-encoder-webm-vorbis: bf7c407c2cedff20999df2af8eb42d56 -> 
========================================================================
Received Prepare
Refreshing native plugins compatible for Editor in 4.31 ms, found 3 plugins.
Preloading 0 native plugins for Editor in 0.00 ms.
Unloading 49 Unused Serialized files (Serialized files now loaded: 0)
Unloading 49 unused Assets / (3.8 MB). Loaded Objects now: 3886.
Memory consumption went from 110.2 MB to 106.5 MB.
Total: 10.625100 ms (FindLiveObjects: 0.663000 ms CreateObjectMapping: 0.650400 ms MarkObjects: 5.574600 ms  DeleteObjects: 3.734100 ms)

Prepare: number of updated asset objects reloaded= 0
AssetImportParameters requested are different than current active one (requested -> active):
  custom:container-demuxer-ogg: 62fdf1f143b41e24485cea50d1cbac27 -> 
  custom:video-decoder-ogg-theora: a1e56fd34408186e4bbccfd4996cb3dc -> 
  custom:framework-win-MediaFoundation: 216162199b28c13a410421893ffa2e32 -> 
  custom:CustomObjectIndexerAttribute: 6d391050e5a25f67b0a2c618074f2cd9 -> 
  custom:container-demuxer-webm: 4f35f7cbe854078d1ac9338744f61a02 -> 
  custom:container-muxer-webm: aa71ff27fc2769a1b78a27578f13a17b -> 
  custom:video-decoder-webm-vp8: 9c59270c3fd7afecdb556c50c9e8de78 -> 
  custom:SearchIndexIgnoredProperties: e643bd26f0fe6173181afceb89e7c659 -> 
  custom:AudioImporter_EditorPlatform: d09bf68614088b80899f8185d706f6e7 -> 
  custom:video-encoder-webm-vp8: eb34c28f22e8b96e1ab97ce403110664 -> 
  custom:audio-decoder-ogg-vorbis: bf7c407c2cedff20999df2af8eb42d56 -> 
  custom:audio-encoder-webm-vorbis: bf7c407c2cedff20999df2af8eb42d56 -> 
