1795 [main] INFO  c.e.J.JavaSpringTask24Application
                – Starting JavaSpringTask24Application using Java 19 with PID 2636 (C:\Users\sidor\Desktop\unik\2course2semestr\Java\secondPart(13_24)\Java_spring_task24\target\classes started by sidor in C:\Users\sidor\Desktop\unik\2course2semestr\Java\secondPart(13_24)\Java_spring_task24)
1820 [main] INFO  c.e.J.JavaSpringTask24Application
                – No active profile set, falling back to 1 default profile: "default"
3973 [main] INFO  o.s.d.r.c.RepositoryConfigurationDelegate
                – Bootstrapping Spring Data JPA repositories in DEFAULT mode.
4104 [main] INFO  o.s.d.r.c.RepositoryConfigurationDelegate
                – Finished Spring Data repository scanning in 112 ms. Found 3 JPA repository interfaces.
5632 [main] INFO  o.s.b.w.e.tomcat.TomcatWebServer
                – Tomcat initialized with port(s): 8080 (http)
5655 [main] INFO  o.a.coyote.http11.Http11NioProtocol
                – Initializing ProtocolHandler ["http-nio-8080"]
5656 [main] INFO  o.a.catalina.core.StandardService
                – Starting service [Tomcat]
5657 [main] INFO  o.a.catalina.core.StandardEngine
                – Starting Servlet engine: [Apache Tomcat/10.1.5]
5852 [main] INFO  o.a.c.c.C.[Tomcat].[localhost].[/]
                – Initializing Spring embedded WebApplicationContext
5853 [main] INFO  o.s.b.w.s.c.ServletWebServerApplicationContext
                – Root WebApplicationContext: initialization completed in 3879 ms
6411 [main] INFO  com.zaxxer.hikari.HikariDataSource
                – HikariPool-1 - Starting...
6798 [main] INFO  com.zaxxer.hikari.pool.HikariPool
                – HikariPool-1 - Added connection org.postgresql.jdbc.PgConnection@57e03347
6800 [main] INFO  com.zaxxer.hikari.HikariDataSource
                – HikariPool-1 - Start completed.
6894 [main] INFO  o.h.jpa.internal.util.LogHelper
                – HHH000204: Processing PersistenceUnitInfo [name: default]
7055 [main] INFO  org.hibernate.Version
                – HHH000412: Hibernate ORM core version 6.1.7.Final
7798 [main] INFO  SQL dialect
                – HHH000400: Using dialect: org.hibernate.dialect.PostgreSQLDialect
8863 [main] INFO  o.h.e.t.j.p.i.JtaPlatformInitiator
                – HHH000490: Using JtaPlatform implementation: [org.hibernate.engine.transaction.jta.platform.internal.NoJtaPlatform]
8875 [main] INFO  o.s.o.j.LocalContainerEntityManagerFactoryBean
                – Initialized JPA EntityManagerFactory for persistence unit 'default'
9919 [main] WARN  o.s.b.a.o.j.JpaBaseConfiguration$JpaWebConfiguration
                – spring.jpa.open-in-view is enabled by default. Therefore, database queries may be performed during view rendering. Explicitly configure spring.jpa.open-in-view to disable this warning
10599 [main] INFO  o.s.b.a.e.web.EndpointLinksResolver
                – Exposing 1 endpoint(s) beneath base path '/actuator'
10681 [main] INFO  o.s.s.w.DefaultSecurityFilterChain
                – Will secure any request with [org.springframework.security.web.session.DisableEncodeUrlFilter@7692c0e9, org.springframework.security.web.context.request.async.WebAsyncManagerIntegrationFilter@431f8830, org.springframework.security.web.context.SecurityContextHolderFilter@5e8bc83e, org.springframework.security.web.header.HeaderWriterFilter@435e224d, org.springframework.security.web.authentication.logout.LogoutFilter@2eed6331, org.springframework.security.web.authentication.www.BasicAuthenticationFilter@4f0f56f5, org.springframework.security.web.savedrequest.RequestCacheAwareFilter@69374e28, org.springframework.security.web.servletapi.SecurityContextHolderAwareRequestFilter@288e50c1, org.springframework.security.web.authentication.AnonymousAuthenticationFilter@75bbe39d, org.springframework.security.web.access.ExceptionTranslationFilter@62aefc75, org.springframework.security.web.access.intercept.AuthorizationFilter@280f061e]
11227 [main] INFO  o.s.j.e.a.AnnotationMBeanExporter
                – Bean with key 'schedulerService' has been registered as an MBean but has no exposed attributes or operations
11297 [main] INFO  o.a.coyote.http11.Http11NioProtocol
                – Starting ProtocolHandler ["http-nio-8080"]
11331 [main] INFO  o.s.b.w.e.tomcat.TomcatWebServer
                – Tomcat started on port(s): 8080 (http) with context path ''
11371 [main] INFO  c.e.J.JavaSpringTask24Application
                – Started JavaSpringTask24Application in 10.395 seconds (process running for 11.922)
17118 [scheduling-1] INFO  c.e.J.services.UserService
                – Find all users
17282 [scheduling-1] ERROR o.s.s.s.TaskUtils$LoggingErrorHandler
                – Unexpected error occurred in scheduled task
java.lang.NullPointerException: null
	at java.base/java.util.Objects.requireNonNull(Objects.java:233)
	at com.example.Java_spring_task24.services.SchedulerService.scheduledTask(SchedulerService.java:43)
	at java.base/jdk.internal.reflect.DirectMethodHandleAccessor.invoke(DirectMethodHandleAccessor.java:104)
	at java.base/java.lang.reflect.Method.invoke(Method.java:578)
	at org.springframework.scheduling.support.ScheduledMethodRunnable.run(ScheduledMethodRunnable.java:84)
	at org.springframework.scheduling.support.DelegatingErrorHandlingRunnable.run(DelegatingErrorHandlingRunnable.java:54)
	at org.springframework.scheduling.concurrent.ReschedulingRunnable.run(ReschedulingRunnable.java:96)
	at java.base/java.util.concurrent.Executors$RunnableAdapter.call(Executors.java:577)
	at java.base/java.util.concurrent.FutureTask.run(FutureTask.java:317)
	at java.base/java.util.concurrent.ScheduledThreadPoolExecutor$ScheduledFutureTask.run(ScheduledThreadPoolExecutor.java:304)
	at java.base/java.util.concurrent.ThreadPoolExecutor.runWorker(ThreadPoolExecutor.java:1144)
	at java.base/java.util.concurrent.ThreadPoolExecutor$Worker.run(ThreadPoolExecutor.java:642)
	at java.base/java.lang.Thread.run(Thread.java:1589)
52619 [SpringApplicationShutdownHook] INFO  o.s.o.j.LocalContainerEntityManagerFactoryBean
                – Closing JPA EntityManagerFactory for persistence unit 'default'
52622 [SpringApplicationShutdownHook] INFO  com.zaxxer.hikari.HikariDataSource
                – HikariPool-1 - Shutdown initiated...
52645 [SpringApplicationShutdownHook] INFO  com.zaxxer.hikari.HikariDataSource
                – HikariPool-1 - Shutdown completed.
1402 [main] INFO  c.e.J.JavaSpringTask24Application
                – Starting JavaSpringTask24Application using Java 19 with PID 15220 (C:\Users\sidor\Desktop\unik\2course2semestr\Java\secondPart(13_24)\Java_spring_task24\target\classes started by sidor in C:\Users\sidor\Desktop\unik\2course2semestr\Java\secondPart(13_24)\Java_spring_task24)
1406 [main] INFO  c.e.J.JavaSpringTask24Application
                – No active profile set, falling back to 1 default profile: "default"
3210 [main] INFO  o.s.d.r.c.RepositoryConfigurationDelegate
                – Bootstrapping Spring Data JPA repositories in DEFAULT mode.
3330 [main] INFO  o.s.d.r.c.RepositoryConfigurationDelegate
                – Finished Spring Data repository scanning in 99 ms. Found 3 JPA repository interfaces.
4608 [main] INFO  o.s.b.w.e.tomcat.TomcatWebServer
                – Tomcat initialized with port(s): 8080 (http)
4626 [main] INFO  o.a.coyote.http11.Http11NioProtocol
                – Initializing ProtocolHandler ["http-nio-8080"]
4628 [main] INFO  o.a.catalina.core.StandardService
                – Starting service [Tomcat]
4629 [main] INFO  o.a.catalina.core.StandardEngine
                – Starting Servlet engine: [Apache Tomcat/10.1.5]
4814 [main] INFO  o.a.c.c.C.[Tomcat].[localhost].[/]
                – Initializing Spring embedded WebApplicationContext
4815 [main] INFO  o.s.b.w.s.c.ServletWebServerApplicationContext
                – Root WebApplicationContext: initialization completed in 3312 ms
5375 [main] INFO  com.zaxxer.hikari.HikariDataSource
                – HikariPool-1 - Starting...
5757 [main] INFO  com.zaxxer.hikari.pool.HikariPool
                – HikariPool-1 - Added connection org.postgresql.jdbc.PgConnection@23b1aa9
5760 [main] INFO  com.zaxxer.hikari.HikariDataSource
                – HikariPool-1 - Start completed.
5844 [main] INFO  o.h.jpa.internal.util.LogHelper
                – HHH000204: Processing PersistenceUnitInfo [name: default]
5951 [main] INFO  org.hibernate.Version
                – HHH000412: Hibernate ORM core version 6.1.7.Final
6628 [main] INFO  SQL dialect
                – HHH000400: Using dialect: org.hibernate.dialect.PostgreSQLDialect
7672 [main] INFO  o.h.e.t.j.p.i.JtaPlatformInitiator
                – HHH000490: Using JtaPlatform implementation: [org.hibernate.engine.transaction.jta.platform.internal.NoJtaPlatform]
7683 [main] INFO  o.s.o.j.LocalContainerEntityManagerFactoryBean
                – Initialized JPA EntityManagerFactory for persistence unit 'default'
8745 [main] WARN  o.s.b.a.o.j.JpaBaseConfiguration$JpaWebConfiguration
                – spring.jpa.open-in-view is enabled by default. Therefore, database queries may be performed during view rendering. Explicitly configure spring.jpa.open-in-view to disable this warning
9366 [main] INFO  o.s.b.a.e.web.EndpointLinksResolver
                – Exposing 1 endpoint(s) beneath base path '/actuator'
9472 [main] INFO  o.s.s.w.DefaultSecurityFilterChain
                – Will secure any request with [org.springframework.security.web.session.DisableEncodeUrlFilter@663cc8c9, org.springframework.security.web.context.request.async.WebAsyncManagerIntegrationFilter@51c15508, org.springframework.security.web.context.SecurityContextHolderFilter@7bf997e0, org.springframework.security.web.header.HeaderWriterFilter@53fb3e1b, org.springframework.security.web.authentication.logout.LogoutFilter@76ccde41, org.springframework.security.web.authentication.www.BasicAuthenticationFilter@1254a3cd, org.springframework.security.web.savedrequest.RequestCacheAwareFilter@5c141c7b, org.springframework.security.web.servletapi.SecurityContextHolderAwareRequestFilter@785477e5, org.springframework.security.web.authentication.AnonymousAuthenticationFilter@164cad52, org.springframework.security.web.access.ExceptionTranslationFilter@50331591, org.springframework.security.web.access.intercept.AuthorizationFilter@e5d9fa7]
9950 [main] INFO  o.s.j.e.a.AnnotationMBeanExporter
                – Bean with key 'schedulerService' has been registered as an MBean but has no exposed attributes or operations
10027 [main] INFO  o.a.coyote.http11.Http11NioProtocol
                – Starting ProtocolHandler ["http-nio-8080"]
10062 [main] INFO  o.s.b.w.e.tomcat.TomcatWebServer
                – Tomcat started on port(s): 8080 (http) with context path ''
10083 [main] INFO  c.e.J.JavaSpringTask24Application
                – Started JavaSpringTask24Application in 9.377 seconds (process running for 10.526)
95212 [SpringApplicationShutdownHook] INFO  o.s.o.j.LocalContainerEntityManagerFactoryBean
                – Closing JPA EntityManagerFactory for persistence unit 'default'
95217 [SpringApplicationShutdownHook] INFO  com.zaxxer.hikari.HikariDataSource
                – HikariPool-1 - Shutdown initiated...
95229 [SpringApplicationShutdownHook] INFO  com.zaxxer.hikari.HikariDataSource
                – HikariPool-1 - Shutdown completed.
644  [main] INFO  c.e.J.services.PostService
                – Post save Post{id=0, text='null', creationDate='dayTest'}
753  [main] INFO  c.e.J.services.PostService
                – Post find all
757  [main] INFO  c.e.J.services.PostService
                – Post find all
543  [main] INFO  c.e.J.services.PostService
                – Post save Post{id=0, text='null', creationDate='dayTest'}
658  [main] INFO  c.e.J.services.PostService
                – Post find all
661  [main] INFO  c.e.J.services.PostService
                – Post find all
1559 [main] INFO  c.e.J.JavaSpringTask24Application
                – Starting JavaSpringTask24Application using Java 19 with PID 5808 (C:\Users\sidor\Desktop\unik\2course2semestr\Java\secondPart(13_24)\Java_spring_task24\target\classes started by sidor in C:\Users\sidor\Desktop\unik\2course2semestr\Java\secondPart(13_24)\Java_spring_task24)
1566 [main] INFO  c.e.J.JavaSpringTask24Application
                – No active profile set, falling back to 1 default profile: "default"
3565 [main] INFO  o.s.d.r.c.RepositoryConfigurationDelegate
                – Bootstrapping Spring Data JPA repositories in DEFAULT mode.
3692 [main] INFO  o.s.d.r.c.RepositoryConfigurationDelegate
                – Finished Spring Data repository scanning in 108 ms. Found 3 JPA repository interfaces.
5248 [main] INFO  o.s.b.w.e.tomcat.TomcatWebServer
                – Tomcat initialized with port(s): 8080 (http)
5276 [main] INFO  o.a.coyote.http11.Http11NioProtocol
                – Initializing ProtocolHandler ["http-nio-8080"]
5278 [main] INFO  o.a.catalina.core.StandardService
                – Starting service [Tomcat]
5279 [main] INFO  o.a.catalina.core.StandardEngine
                – Starting Servlet engine: [Apache Tomcat/10.1.5]
5420 [main] INFO  o.a.c.c.C.[Tomcat].[localhost].[/]
                – Initializing Spring embedded WebApplicationContext
5421 [main] INFO  o.s.b.w.s.c.ServletWebServerApplicationContext
                – Root WebApplicationContext: initialization completed in 3732 ms
5953 [main] INFO  com.zaxxer.hikari.HikariDataSource
                – HikariPool-1 - Starting...
6413 [main] INFO  com.zaxxer.hikari.pool.HikariPool
                – HikariPool-1 - Added connection org.postgresql.jdbc.PgConnection@633ddc0c
6417 [main] INFO  com.zaxxer.hikari.HikariDataSource
                – HikariPool-1 - Start completed.
6504 [main] INFO  o.h.jpa.internal.util.LogHelper
                – HHH000204: Processing PersistenceUnitInfo [name: default]
6633 [main] INFO  org.hibernate.Version
                – HHH000412: Hibernate ORM core version 6.1.7.Final
7352 [main] INFO  SQL dialect
                – HHH000400: Using dialect: org.hibernate.dialect.PostgreSQLDialect
8477 [main] INFO  o.h.e.t.j.p.i.JtaPlatformInitiator
                – HHH000490: Using JtaPlatform implementation: [org.hibernate.engine.transaction.jta.platform.internal.NoJtaPlatform]
8493 [main] INFO  o.s.o.j.LocalContainerEntityManagerFactoryBean
                – Initialized JPA EntityManagerFactory for persistence unit 'default'
9610 [main] WARN  o.s.b.a.o.j.JpaBaseConfiguration$JpaWebConfiguration
                – spring.jpa.open-in-view is enabled by default. Therefore, database queries may be performed during view rendering. Explicitly configure spring.jpa.open-in-view to disable this warning
10286 [main] INFO  o.s.b.a.e.web.EndpointLinksResolver
                – Exposing 1 endpoint(s) beneath base path '/actuator'
10365 [main] INFO  o.s.s.w.DefaultSecurityFilterChain
                – Will secure any request with [org.springframework.security.web.session.DisableEncodeUrlFilter@1a23136f, org.springframework.security.web.context.request.async.WebAsyncManagerIntegrationFilter@23a78d2e, org.springframework.security.web.context.SecurityContextHolderFilter@4b74a4d, org.springframework.security.web.header.HeaderWriterFilter@5e572b08, org.springframework.security.web.authentication.logout.LogoutFilter@e5d9fa7, org.springframework.security.web.authentication.www.BasicAuthenticationFilter@7d7888a5, org.springframework.security.web.savedrequest.RequestCacheAwareFilter@49c72fb7, org.springframework.security.web.servletapi.SecurityContextHolderAwareRequestFilter@2f83467, org.springframework.security.web.authentication.AnonymousAuthenticationFilter@20724c21, org.springframework.security.web.access.ExceptionTranslationFilter@6421bc7e, org.springframework.security.web.access.intercept.AuthorizationFilter@88e85a]
10859 [main] INFO  o.s.j.e.a.AnnotationMBeanExporter
                – Bean with key 'schedulerService' has been registered as an MBean but has no exposed attributes or operations
10967 [main] INFO  o.a.coyote.http11.Http11NioProtocol
                – Starting ProtocolHandler ["http-nio-8080"]
10994 [main] INFO  o.s.b.w.e.tomcat.TomcatWebServer
                – Tomcat started on port(s): 8080 (http) with context path ''
11031 [main] INFO  c.e.J.JavaSpringTask24Application
                – Started JavaSpringTask24Application in 10.226 seconds (process running for 11.564)
159420 [http-nio-8080-exec-2] INFO  o.a.c.c.C.[Tomcat].[localhost].[/]
                – Initializing Spring DispatcherServlet 'dispatcherServlet'
159420 [http-nio-8080-exec-2] INFO  o.s.web.servlet.DispatcherServlet
                – Initializing Servlet 'dispatcherServlet'
159428 [http-nio-8080-exec-2] INFO  o.s.web.servlet.DispatcherServlet
                – Completed initialization in 8 ms
564989 [http-nio-8080-exec-8] INFO  c.e.J.services.UserService
                – Find all users
600247 [http-nio-8080-exec-3] INFO  c.e.J.services.UserService
                – Find all users
648821 [http-nio-8080-exec-5] WARN  o.s.w.s.m.s.DefaultHandlerExceptionResolver
                – Resolved [org.springframework.web.HttpRequestMethodNotSupportedException: Request method 'GET' is not supported]
658464 [http-nio-8080-exec-9] WARN  o.s.w.s.m.s.DefaultHandlerExceptionResolver
                – Resolved [org.springframework.web.HttpRequestMethodNotSupportedException: Request method 'GET' is not supported]
662471 [http-nio-8080-exec-10] INFO  c.e.J.services.UserService
                – Find all users
699527 [http-nio-8080-exec-2] WARN  o.s.w.s.m.s.DefaultHandlerExceptionResolver
                – Resolved [org.springframework.web.HttpMediaTypeNotSupportedException: Content-Type 'text/plain;charset=UTF-8' is not supported]
713265 [http-nio-8080-exec-1] INFO  c.e.J.services.UserService
                – Delete user with id = 1223
